<?xml version="1.0" encoding="UTF-8" ?>
<testsuite name="edu.cmu.side.plugin.LearningPluginTest" timestamp="2018-10-15T19:24:49" hostname="Aeolis-Mons.wv.cc.cmu.edu" tests="2" failures="0" errors="0" skipped="0" time="5.812">
  <properties>
    <property name="java.vendor" value="Oracle Corporation" />
    <property name="ant.file.type.lightside" value="file" />
    <property name="sun.java.launcher" value="SUN_STANDARD" />
    <property name="env.XPC_SERVICE_NAME" value="0" />
    <property name="env.PERLBREW_PERL" value="perl-5.16.0" />
    <property name="env.PERL_MM_OPT" value="INSTALL_BASE=/Users/bogart-MBP-isri/perl5" />
    <property name="sun.management.compiler" value="HotSpot 64-Bit Tiered Compilers" />
    <property name="env.SECURITYSESSIONID" value="186a7" />
    <property name="os.name" value="Mac OS X" />
    <property name="env.COLORFGBG" value="15;0" />
    <property name="env.TMPDIR" value="/var/folders/cw/zchk8j0x7cgg07j6xbldqnw80000gn/T/" />
    <property name="env.PWD" value="/Users/bogart-MBP-isri/eclipse-oxygen2/lightside" />
    <property name="env.PERL_MB_OPT" value="--install_base &quot;/Users/bogart-MBP-isri/perl5&quot;" />
    <property name="env.LANG" value="en_US.UTF-8" />
    <property name="env.LESS" value="-R" />
    <property name="java.vm.specification.vendor" value="Oracle Corporation" />
    <property name="ant.home" value="/usr/local/Cellar/ant/1.9.7/libexec" />
    <property name="java.runtime.version" value="11+28" />
    <property name="env.Apple_PubSub_Socket_Render" value="/private/tmp/com.apple.launchd.2NjyC60jE8/Render" />
    <property name="env.DISPLAY" value="/private/tmp/com.apple.launchd.DM3iiXV3lS/org.macosforge.xquartz:0" />
    <property name="user.name" value="bogart-MBP-isri" />
    <property name="env.USER" value="bogart-MBP-isri" />
    <property name="env.SHELL" value="/bin/zsh" />
    <property name="env.GHC_DOT_APP" value="/Applications/ghc-7.8.4.app" />
    <property name="env.__CF_USER_TEXT_ENCODING" value="0x1F5:0x0:0x0" />
    <property name="env.PERLBREW_ROOT" value="/Users/bogart-MBP-isri/perl5/perlbrew" />
    <property name="env.PERLBREW_BASHRC_VERSION" value="0.80" />
    <property name="env.PATH" value="/Users/bogart-MBP-isri/.jenv/shims:/Users/bogart-MBP-isri/.jenv/shims:/Users/bogart-MBP-isri/perl5/perlbrew/bin:/Users/bogart-MBP-isri/perl5/perlbrew/perls/perl-5.16.0/bin:/Users/bogart-MBP-isri/flutter/flutter/bin:/Users/bogart-MBP-isri/perl5/bin:/Users/bogart-MBP-isri/.rbenv/shims:/Users/bogart-MBP-isri/.cabal/bin:/Applications/ghc-7.8.4.app/Contents/bin:/usr/local/bin:/usr/bin:/bin:/usr/sbin:/sbin:/opt/X11/bin:/usr/texbin:/Users/bogart-MBP-isri/.rbenv/versions/2.2.3/bin" />
    <property name="user.language" value="en" />
    <property name="sun.boot.library.path" value="/Library/Java/JavaVirtualMachines/openjdk-11.jdk/Contents/Home/lib" />
    <property name="ant.project.default-target" value="compile" />
    <property name="env.XPC_FLAGS" value="0x0" />
    <property name="ant.project.name" value="lightside" />
    <property name="env.LC_CTYPE" value="en_US.UTF-8" />
    <property name="java.vm.compressedOopsMode" value="Zero based" />
    <property name="java.version" value="11" />
    <property name="user.timezone" value="" />
    <property name="sun.arch.data.model" value="64" />
    <property name="http.nonProxyHosts" value="local|*.local|169.254/16|*.169.254/16" />
    <property name="env.ITERM_SESSION_ID" value="w3t0p0:85E12FEB-2E12-4B1A-9393-B8E94616349F" />
    <property name="sun.cpu.isalist" value="" />
    <property name="sun.jnu.encoding" value="UTF-8" />
    <property name="env.SHLVL" value="2" />
    <property name="env.PERL_LOCAL_LIB_ROOT" value="/Users/bogart-MBP-isri/perl5:/Users/bogart-MBP-isri/perl5" />
    <property name="env.PERLBREW_HOME" value="/Users/bogart-MBP-isri/.perlbrew" />
    <property name="file.separator" value="/" />
    <property name="java.specification.name" value="Java Platform API Specification" />
    <property name="java.class.version" value="55.0" />
    <property name="user.country" value="US" />
    <property name="java.home" value="/Library/Java/JavaVirtualMachines/openjdk-11.jdk/Contents/Home" />
    <property name="env.ZSH" value="/Users/bogart-MBP-isri/.oh-my-zsh" />
    <property name="env.ANDROID_HOME" value="/Users/bogart-MBP-isri/Documents/android-sdk-macosx" />
    <property name="java.vm.info" value="mixed mode" />
    <property name="env.JENV_LOADED" value="1" />
    <property name="os.version" value="10.11.6" />
    <property name="ant.file" value="/Users/bogart-MBP-isri/eclipse-oxygen2/lightside/build.xml" />
    <property name="env.LOGNAME" value="bogart-MBP-isri" />
    <property name="env.TERM_PROGRAM_VERSION" value="3.1.6" />
    <property name="path.separator" value=":" />
    <property name="java.vm.version" value="11+28" />
    <property name="ant.library.dir" value="/usr/local/Cellar/ant/1.9.7/libexec/lib" />
    <property name="junit.output.dir" value="junit" />
    <property name="env.JAVA_HOME" value="/Library/Java/JavaVirtualMachines/openjdk-11.jdk/Contents/Home" />
    <property name="java.awt.printerjob" value="sun.lwawt.macosx.CPrinterJob" />
    <property name="env.TERM" value="xterm-256color" />
    <property name="sun.io.unicode.encoding" value="UnicodeBig" />
    <property name="awt.toolkit" value="sun.lwawt.macosx.LWCToolkit" />
    <property name="socksNonProxyHosts" value="local|*.local|169.254/16|*.169.254/16" />
    <property name="ftp.nonProxyHosts" value="local|*.local|169.254/16|*.169.254/16" />
    <property name="env.MANPATH" value="/Users/bogart-MBP-isri/perl5/perlbrew/perls/perl-5.16.0/man:/Users/bogart-MBP-isri/perl5/man:/Users/bogart-MBP-isri/.pyenv/versions/2.7.15/share/man:/Applications/ghc-7.8.4.app/Contents/share/man:/usr/local/share/man:/usr/share/man:/opt/X11/share/man:/Users/bogart-MBP-isri/.rbenv/versions/2.2.3/share/man:/Applications/Xcode.app/Contents/Developer/usr/share/man:/Applications/Xcode.app/Contents/Developer/Toolchains/XcodeDefault.xctoolchain/usr/share/man" />
    <property name="env.LSCOLORS" value="Gxfxcxdxbxegedabagacad" />
    <property name="lightside.location" value="." />
    <property name="target" value="11" />
    <property name="user.home" value="/Users/bogart-MBP-isri" />
    <property name="java.version.date" value="2018-09-25" />
    <property name="java.specification.vendor" value="Oracle Corporation" />
    <property name="env.TERM_PROGRAM" value="iTerm.app" />
    <property name="env.PAGER" value="less" />
    <property name="java.library.path" value="/Users/bogart-MBP-isri/Library/Java/Extensions:/Library/Java/Extensions:/Network/Library/Java/Extensions:/System/Library/Java/Extensions:/usr/lib/java:." />
    <property name="java.vendor.url" value="http://java.oracle.com/" />
    <property name="java.vm.vendor" value="Oracle Corporation" />
    <property name="gopherProxySet" value="false" />
    <property name="java.runtime.name" value="OpenJDK Runtime Environment" />
    <property name="java.class.path" value="/Users/bogart-MBP-isri/eclipse-oxygen2/lightside/bin:/Users/bogart-MBP-isri/eclipse-oxygen2/lightside/lib/commons-math3-3.1.jar:/Users/bogart-MBP-isri/eclipse-oxygen2/lightside/lib/ejml-0.23.jar:/Users/bogart-MBP-isri/eclipse-oxygen2/lightside/lib/gson-2.2.4.jar:/Users/bogart-MBP-isri/eclipse-oxygen2/lightside/lib/hamcrest.jar:/Users/bogart-MBP-isri/eclipse-oxygen2/lightside/lib/java-cup.jar:/Users/bogart-MBP-isri/eclipse-oxygen2/lightside/lib/junit.jar:/Users/bogart-MBP-isri/eclipse-oxygen2/lightside/lib/kuromoji-core-0.9.0.jar:/Users/bogart-MBP-isri/eclipse-oxygen2/lightside/lib/kuromoji-ipadic-0.9.0.jar:/Users/bogart-MBP-isri/eclipse-oxygen2/lightside/lib/packageManager.jar:/Users/bogart-MBP-isri/eclipse-oxygen2/lightside/lib/py4j0.8.jar:/Users/bogart-MBP-isri/eclipse-oxygen2/lightside/lib/quiet-weka.jar:/Users/bogart-MBP-isri/eclipse-oxygen2/lightside/lib/riverlayout.jar:/Users/bogart-MBP-isri/eclipse-oxygen2/lightside/lib/simple-5.0.4.jar:/Users/bogart-MBP-isri/eclipse-oxygen2/lightside/lib/slf4j-api-1.7.12-sources.jar:/Users/bogart-MBP-isri/eclipse-oxygen2/lightside/lib/slf4j-api.jar:/Users/bogart-MBP-isri/eclipse-oxygen2/lightside/lib/stanford-parser-3.9.1-sources.jar:/Users/bogart-MBP-isri/eclipse-oxygen2/lightside/lib/stanford-parser.jar:/Users/bogart-MBP-isri/eclipse-oxygen2/lightside/lib/stanford-postagger.jar:/Users/bogart-MBP-isri/eclipse-oxygen2/lightside/lib/stanford-segmenter-3.9.1-javadoc.jar:/Users/bogart-MBP-isri/eclipse-oxygen2/lightside/lib/stanford-segmenter-3.9.1-sources.jar:/Users/bogart-MBP-isri/eclipse-oxygen2/lightside/lib/stanford-segmenter-3.9.1.jar:/Users/bogart-MBP-isri/eclipse-oxygen2/lightside/lib/xmlparserv2.jar:/Users/bogart-MBP-isri/eclipse-oxygen2/lightside/lib/xstream-1.4.4.jar:/Users/bogart-MBP-isri/eclipse-oxygen2/lightside/lib/xstream-benchmark-1.4.4.jar:/Users/bogart-MBP-isri/eclipse-oxygen2/lightside/lib/xstream-hibernate-1.4.4.jar:/Users/bogart-MBP-isri/eclipse-oxygen2/lightside/lib/xstream-hibernate/antlr-2.7.7.jar:/Users/bogart-MBP-isri/eclipse-oxygen2/lightside/lib/xstream-hibernate/dom4j-1.6.1.jar:/Users/bogart-MBP-isri/eclipse-oxygen2/lightside/lib/xstream-hibernate/hibernate-commons-annotations-4.0.1.Final.jar:/Users/bogart-MBP-isri/eclipse-oxygen2/lightside/lib/xstream-hibernate/hibernate-core-4.1.4.Final.jar:/Users/bogart-MBP-isri/eclipse-oxygen2/lightside/lib/xstream-hibernate/hibernate-jpa-2.0-api-1.0.1.Final.jar:/Users/bogart-MBP-isri/eclipse-oxygen2/lightside/lib/xstream-hibernate/javassist-3.15.0-GA.jar:/Users/bogart-MBP-isri/eclipse-oxygen2/lightside/lib/xstream-hibernate/jboss-logging-3.1.0.GA.jar:/Users/bogart-MBP-isri/eclipse-oxygen2/lightside/lib/xstream-hibernate/jboss-transaction-api_1.1_spec-1.0.0.Final.jar:/Users/bogart-MBP-isri/eclipse-oxygen2/lightside/lib/xstream-hibernate/slf4j-api-1.6.1.jar:/Users/bogart-MBP-isri/eclipse-oxygen2/lightside/lib/xstream-hibernate/xmlpull-1.1.3.1.jar:/Users/bogart-MBP-isri/eclipse-oxygen2/lightside/lib/xstream-hibernate/xpp3_min-1.1.4c.jar:/Users/bogart-MBP-isri/eclipse-oxygen2/lightside/lib/xstream/cglib-nodep-2.2.jar:/Users/bogart-MBP-isri/eclipse-oxygen2/lightside/lib/xstream/dom4j-1.6.1.jar:/Users/bogart-MBP-isri/eclipse-oxygen2/lightside/lib/xstream/jdom-1.1.jar:/Users/bogart-MBP-isri/eclipse-oxygen2/lightside/lib/xstream/jettison-1.2.jar:/Users/bogart-MBP-isri/eclipse-oxygen2/lightside/lib/xstream/joda-time-1.6.jar:/Users/bogart-MBP-isri/eclipse-oxygen2/lightside/lib/xstream/json-20080701.jar:/Users/bogart-MBP-isri/eclipse-oxygen2/lightside/lib/xstream/kxml2-2.3.0.jar:/Users/bogart-MBP-isri/eclipse-oxygen2/lightside/lib/xstream/kxml2-min-2.3.0.jar:/Users/bogart-MBP-isri/eclipse-oxygen2/lightside/lib/xstream/stax-1.2.0.jar:/Users/bogart-MBP-isri/eclipse-oxygen2/lightside/lib/xstream/stax-api-1.0.1.jar:/Users/bogart-MBP-isri/eclipse-oxygen2/lightside/lib/xstream/wstx-asl-3.2.7.jar:/Users/bogart-MBP-isri/eclipse-oxygen2/lightside/lib/xstream/xmlpull-1.1.3.1.jar:/Users/bogart-MBP-isri/eclipse-oxygen2/lightside/lib/xstream/xom-1.1.jar:/Users/bogart-MBP-isri/eclipse-oxygen2/lightside/lib/xstream/xpp3_min-1.1.4c.jar:/Users/bogart-MBP-isri/eclipse-oxygen2/lightside/lib/yeritools-min.jar:/Users/bogart-MBP-isri/eclipse-oxygen2/lightside/wekafiles/packages/LibLINEAR/LibLINEAR.jar:/Users/bogart-MBP-isri/eclipse-oxygen2/lightside/wekafiles/packages/LibLINEAR/lib/liblinear-1.8.jar:/Users/bogart-MBP-isri/eclipse-oxygen2/lightside/wekafiles/packages/LibSVM/LibSVM.jar:/Users/bogart-MBP-isri/eclipse-oxygen2/lightside/wekafiles/packages/LibSVM/lib/libsvm.jar:/Users/bogart-MBP-isri/eclipse-oxygen2/lightside/wekafiles/packages/bayesianLogisticRegression/bayesianLogisticRegression.jar:/Users/bogart-MBP-isri/eclipse-oxygen2/lightside/wekafiles/packages/chiSquaredAttributeEval/chiSquaredAttributeEval.jar:/Users/bogart-MBP-isri/eclipse-oxygen2/lightside/plugins/genesis.jar:/usr/local/Cellar/ant/1.9.7/libexec/lib/ant-launcher.jar:/usr/local/Cellar/ant/1.9.7/libexec/lib/ant.jar:/usr/local/Cellar/ant/1.9.7/libexec/lib/ant-junit.jar:/usr/local/Cellar/ant/1.9.7/libexec/lib/ant-junit4.jar" />
    <property name="sun.java.command" value="org.apache.tools.ant.taskdefs.optional.junit.JUnitTestRunner edu.cmu.side.plugin.LearningPluginTest skipNonTests=false filtertrace=true haltOnError=true haltOnFailure=true formatter=org.apache.tools.ant.taskdefs.optional.junit.SummaryJUnitResultFormatter showoutput=true outputtoformatters=true logfailedtests=true threadid=0 logtestlistenerevents=false formatter=org.apache.tools.ant.taskdefs.optional.junit.XMLJUnitResultFormatter,/Users/bogart-MBP-isri/eclipse-oxygen2/lightside/junit/TEST-edu.cmu.side.plugin.LearningPluginTest.xml crashfile=/Users/bogart-MBP-isri/eclipse-oxygen2/lightside/junitvmwatcher7563589718917905111.properties propsfile=/Users/bogart-MBP-isri/eclipse-oxygen2/lightside/junit11606878830610269927.properties" />
    <property name="ant.version" value="Apache Ant(TM) version 1.9.7 compiled on April 9 2016" />
    <property name="env.TERM_SESSION_ID" value="w3t0p0:85E12FEB-2E12-4B1A-9393-B8E94616349F" />
    <property name="env.JAVA_MAIN_CLASS_49442" value="org.apache.tools.ant.launch.Launcher" />
    <property name="jdk.debug" value="release" />
    <property name="java.vm.specification.name" value="Java Virtual Machine Specification" />
    <property name="ant.file.type" value="file" />
    <property name="env.RBENV_SHELL" value="zsh" />
    <property name="env.VIRTUAL_ENV_DISABLE_PROMPT" value="1" />
    <property name="java.vm.specification.version" value="11" />
    <property name="sun.cpu.endian" value="little" />
    <property name="sun.os.patch.level" value="unknown" />
    <property name="java.awt.headless" value="true" />
    <property name="env.HOME" value="/Users/bogart-MBP-isri" />
    <property name="debuglevel" value="source,lines,vars" />
    <property name="java.io.tmpdir" value="/var/folders/cw/zchk8j0x7cgg07j6xbldqnw80000gn/T/" />
    <property name="java.vendor.url.bug" value="http://bugreport.java.com/bugreport/" />
    <property name="env.PERLBREW_VERSION" value="0.80" />
    <property name="env.SSH_AUTH_SOCK" value="/private/tmp/com.apple.launchd.NLtf4dRPzK/Listeners" />
    <property name="env.COMMAND_MODE" value="unix2003" />
    <property name="os.arch" value="x86_64" />
    <property name="java.awt.graphicsenv" value="sun.awt.CGraphicsEnvironment" />
    <property name="env.PERLBREW_MANPATH" value="/Users/bogart-MBP-isri/perl5/perlbrew/perls/perl-5.16.0/man" />
    <property name="env.PERL5LIB" value="/Users/bogart-MBP-isri/perl5/lib/perl5:/Users/bogart-MBP-isri/perl5/lib/perl5" />
    <property name="user.dir" value="/Users/bogart-MBP-isri/eclipse-oxygen2/lightside" />
    <property name="ant.file.lightside" value="/Users/bogart-MBP-isri/eclipse-oxygen2/lightside/build.xml" />
    <property name="env.PERLBREW_PATH" value="/Users/bogart-MBP-isri/perl5/perlbrew/bin:/Users/bogart-MBP-isri/perl5/perlbrew/perls/perl-5.16.0/bin" />
    <property name="line.separator" value="&#xa;" />
    <property name="java.vm.name" value="OpenJDK 64-Bit Server VM" />
    <property name="env.COLORTERM" value="truecolor" />
    <property name="env.ITERM_PROFILE" value="Default" />
    <property name="basedir" value="/Users/bogart-MBP-isri/eclipse-oxygen2/lightside" />
    <property name="ant.java.version" value="1.9" />
    <property name="ant.core.lib" value="/usr/local/Cellar/ant/1.9.7/libexec/lib/ant.jar" />
    <property name="source" value="11" />
    <property name="file.encoding" value="UTF-8" />
    <property name="java.specification.version" value="11" />
    <property name="ant.project.invoked-targets" value="build" />
    <property name="java.vendor.version" value="18.9" />
  </properties>
  <testcase name="testTrainNominal" classname="edu.cmu.side.plugin.LearningPluginTest" time="2.122" />
  <testcase name="testTrainNumeric" classname="edu.cmu.side.plugin.LearningPluginTest" time="3.519" />
  <system-out><![CDATA[error with class 'plugins.learning.WekaGeneric'
]]></system-out>
  <system-err><![CDATA[java.lang.ClassCastException: class jdk.internal.loader.ClassLoaders$AppClassLoader cannot be cast to class java.net.URLClassLoader (jdk.internal.loader.ClassLoaders$AppClassLoader and java.net.URLClassLoader are in module java.base of loader 'bootstrap')
	at weka.core.ClassloaderUtil.addURL(ClassloaderUtil.java:70)
	at weka.core.ClassloaderUtil.addFile(ClassloaderUtil.java:59)
	at weka.core.ClassloaderUtil.addFile(ClassloaderUtil.java:50)
	at weka.core.WekaPackageManager.loadPackageDirectory(WekaPackageManager.java:351)
	at weka.core.WekaPackageManager.loadPackages(WekaPackageManager.java:618)
	at weka.core.WekaPackageManager.loadPackages(WekaPackageManager.java:578)
	at weka.gui.GenericObjectEditor.determineClasses(GenericObjectEditor.java:173)
	at weka.gui.GenericObjectEditor.<clinit>(GenericObjectEditor.java:252)
	at plugins.learning.WekaGeneric.<init>(WekaGeneric.java:33)
	at java.base/jdk.internal.reflect.NativeConstructorAccessorImpl.newInstance0(Native Method)
	at java.base/jdk.internal.reflect.NativeConstructorAccessorImpl.newInstance(NativeConstructorAccessorImpl.java:62)
	at java.base/jdk.internal.reflect.DelegatingConstructorAccessorImpl.newInstance(DelegatingConstructorAccessorImpl.java:45)
	at java.base/java.lang.reflect.Constructor.newInstance(Constructor.java:490)
	at edu.cmu.side.plugin.control.PluginLoader.<init>(PluginLoader.java:66)
	at edu.cmu.side.plugin.control.PluginWrapper.getSIDEPlugin(PluginWrapper.java:52)
	at edu.cmu.side.plugin.control.PluginWrapper.getType(PluginWrapper.java:64)
	at edu.cmu.side.plugin.control.PluginManager.createPluginTypeMap(PluginManager.java:163)
	at edu.cmu.side.plugin.control.PluginManager.<init>(PluginManager.java:190)
	at edu.cmu.side.plugin.control.PluginManager.getSharedPluginManager(PluginManager.java:204)
	at edu.cmu.side.plugin.control.PluginManager.getPluginByClassname(PluginManager.java:212)
	at edu.cmu.side.plugin.SIDEPlugin.fromSerializable(SIDEPlugin.java:155)
	at edu.cmu.side.model.OrderedPluginMap.readObject(OrderedPluginMap.java:230)
	at java.base/jdk.internal.reflect.NativeMethodAccessorImpl.invoke0(Native Method)
	at java.base/jdk.internal.reflect.NativeMethodAccessorImpl.invoke(NativeMethodAccessorImpl.java:62)
	at java.base/jdk.internal.reflect.DelegatingMethodAccessorImpl.invoke(DelegatingMethodAccessorImpl.java:43)
	at java.base/java.lang.reflect.Method.invoke(Method.java:566)
	at com.thoughtworks.xstream.converters.reflection.SerializationMethodInvoker.callReadObject(SerializationMethodInvoker.java:113)
	at com.thoughtworks.xstream.converters.reflection.SerializableConverter.doUnmarshal(SerializableConverter.java:425)
	at com.thoughtworks.xstream.converters.reflection.AbstractReflectionConverter.unmarshal(AbstractReflectionConverter.java:234)
	at com.thoughtworks.xstream.core.TreeUnmarshaller.convert(TreeUnmarshaller.java:72)
	at com.thoughtworks.xstream.core.AbstractReferenceUnmarshaller.convert(AbstractReferenceUnmarshaller.java:65)
	at com.thoughtworks.xstream.core.TreeUnmarshaller.convertAnother(TreeUnmarshaller.java:66)
	at com.thoughtworks.xstream.core.TreeUnmarshaller.convertAnother(TreeUnmarshaller.java:50)
	at com.thoughtworks.xstream.converters.reflection.SerializableConverter$2.readFromStream(SerializableConverter.java:311)
	at com.thoughtworks.xstream.core.util.CustomObjectInputStream.readObjectOverride(CustomObjectInputStream.java:104)
	at java.base/java.io.ObjectInputStream.readObject(ObjectInputStream.java:424)
	at edu.cmu.side.model.Recipe.readObject(Recipe.java:468)
	at java.base/jdk.internal.reflect.NativeMethodAccessorImpl.invoke0(Native Method)
	at java.base/jdk.internal.reflect.NativeMethodAccessorImpl.invoke(NativeMethodAccessorImpl.java:62)
	at java.base/jdk.internal.reflect.DelegatingMethodAccessorImpl.invoke(DelegatingMethodAccessorImpl.java:43)
	at java.base/java.lang.reflect.Method.invoke(Method.java:566)
	at com.thoughtworks.xstream.converters.reflection.SerializationMethodInvoker.callReadObject(SerializationMethodInvoker.java:113)
	at com.thoughtworks.xstream.converters.reflection.SerializableConverter.doUnmarshal(SerializableConverter.java:425)
	at com.thoughtworks.xstream.converters.reflection.AbstractReflectionConverter.unmarshal(AbstractReflectionConverter.java:234)
	at com.thoughtworks.xstream.core.TreeUnmarshaller.convert(TreeUnmarshaller.java:72)
	at com.thoughtworks.xstream.core.AbstractReferenceUnmarshaller.convert(AbstractReferenceUnmarshaller.java:65)
	at com.thoughtworks.xstream.core.TreeUnmarshaller.convertAnother(TreeUnmarshaller.java:66)
	at com.thoughtworks.xstream.core.TreeUnmarshaller.convertAnother(TreeUnmarshaller.java:50)
	at com.thoughtworks.xstream.core.TreeUnmarshaller.start(TreeUnmarshaller.java:134)
	at com.thoughtworks.xstream.core.AbstractTreeMarshallingStrategy.unmarshal(AbstractTreeMarshallingStrategy.java:32)
	at com.thoughtworks.xstream.XStream.unmarshal(XStream.java:1058)
	at com.thoughtworks.xstream.XStream.unmarshal(XStream.java:1042)
	at com.thoughtworks.xstream.XStream.fromXML(XStream.java:913)
	at edu.cmu.side.recipe.converters.ConverterControl.readFromXML(ConverterControl.java:130)
	at edu.cmu.side.recipe.converters.ConverterControl.readFromXML(ConverterControl.java:124)
	at edu.cmu.side.plugin.LearningPluginTest.testTrainNominal(LearningPluginTest.java:45)
	at java.base/jdk.internal.reflect.NativeMethodAccessorImpl.invoke0(Native Method)
	at java.base/jdk.internal.reflect.NativeMethodAccessorImpl.invoke(NativeMethodAccessorImpl.java:62)
	at java.base/jdk.internal.reflect.DelegatingMethodAccessorImpl.invoke(DelegatingMethodAccessorImpl.java:43)
	at java.base/java.lang.reflect.Method.invoke(Method.java:566)
	at org.junit.runners.model.FrameworkMethod$1.runReflectiveCall(FrameworkMethod.java:47)
	at org.junit.internal.runners.model.ReflectiveCallable.run(ReflectiveCallable.java:12)
	at org.junit.runners.model.FrameworkMethod.invokeExplosively(FrameworkMethod.java:44)
	at org.junit.internal.runners.statements.InvokeMethod.evaluate(InvokeMethod.java:17)
	at org.junit.runners.ParentRunner.runLeaf(ParentRunner.java:271)
	at org.junit.runners.BlockJUnit4ClassRunner.runChild(BlockJUnit4ClassRunner.java:70)
	at org.junit.runners.BlockJUnit4ClassRunner.runChild(BlockJUnit4ClassRunner.java:50)
	at org.junit.runners.ParentRunner$3.run(ParentRunner.java:238)
	at org.junit.runners.ParentRunner$1.schedule(ParentRunner.java:63)
	at org.junit.runners.ParentRunner.runChildren(ParentRunner.java:236)
	at org.junit.runners.ParentRunner.access$000(ParentRunner.java:53)
	at org.junit.runners.ParentRunner$2.evaluate(ParentRunner.java:229)
	at org.junit.internal.runners.statements.RunBefores.evaluate(RunBefores.java:26)
	at org.junit.runners.ParentRunner.run(ParentRunner.java:309)
	at junit.framework.JUnit4TestAdapter.run(JUnit4TestAdapter.java:38)
	at org.apache.tools.ant.taskdefs.optional.junit.JUnitTestRunner.run(JUnitTestRunner.java:535)
	at org.apache.tools.ant.taskdefs.optional.junit.JUnitTestRunner.launch(JUnitTestRunner.java:1182)
	at org.apache.tools.ant.taskdefs.optional.junit.JUnitTestRunner.main(JUnitTestRunner.java:1033)
[Weka] Problem loading package bayesianLogisticRegression skipping...
java.lang.ClassCastException: class jdk.internal.loader.ClassLoaders$AppClassLoader cannot be cast to class java.net.URLClassLoader (jdk.internal.loader.ClassLoaders$AppClassLoader and java.net.URLClassLoader are in module java.base of loader 'bootstrap')
	at weka.core.ClassloaderUtil.addURL(ClassloaderUtil.java:70)
	at weka.core.ClassloaderUtil.addFile(ClassloaderUtil.java:59)
	at weka.core.ClassloaderUtil.addFile(ClassloaderUtil.java:50)
	at weka.core.WekaPackageManager.loadPackageDirectory(WekaPackageManager.java:351)
	at weka.core.WekaPackageManager.loadPackages(WekaPackageManager.java:618)
	at weka.core.WekaPackageManager.loadPackages(WekaPackageManager.java:578)
	at weka.gui.GenericObjectEditor.determineClasses(GenericObjectEditor.java:173)
	at weka.gui.GenericObjectEditor.<clinit>(GenericObjectEditor.java:252)
	at plugins.learning.WekaGeneric.<init>(WekaGeneric.java:33)
	at java.base/jdk.internal.reflect.NativeConstructorAccessorImpl.newInstance0(Native Method)
	at java.base/jdk.internal.reflect.NativeConstructorAccessorImpl.newInstance(NativeConstructorAccessorImpl.java:62)
	at java.base/jdk.internal.reflect.DelegatingConstructorAccessorImpl.newInstance(DelegatingConstructorAccessorImpl.java:45)
	at java.base/java.lang.reflect.Constructor.newInstance(Constructor.java:490)
	at edu.cmu.side.plugin.control.PluginLoader.<init>(PluginLoader.java:66)
	at edu.cmu.side.plugin.control.PluginWrapper.getSIDEPlugin(PluginWrapper.java:52)
	at edu.cmu.side.plugin.control.PluginWrapper.getType(PluginWrapper.java:64)
	at edu.cmu.side.plugin.control.PluginManager.createPluginTypeMap(PluginManager.java:163)
	at edu.cmu.side.plugin.control.PluginManager.<init>(PluginManager.java:190)
	at edu.cmu.side.plugin.control.PluginManager.getSharedPluginManager(PluginManager.java:204)
	at edu.cmu.side.plugin.control.PluginManager.getPluginByClassname(PluginManager.java:212)
	at edu.cmu.side.plugin.SIDEPlugin.fromSerializable(SIDEPlugin.java:155)
	at edu.cmu.side.model.OrderedPluginMap.readObject(OrderedPluginMap.java:230)
	at java.base/jdk.internal.reflect.NativeMethodAccessorImpl.invoke0(Native Method)
	at java.base/jdk.internal.reflect.NativeMethodAccessorImpl.invoke(NativeMethodAccessorImpl.java:62)
	at java.base/jdk.internal.reflect.DelegatingMethodAccessorImpl.invoke(DelegatingMethodAccessorImpl.java:43)
	at java.base/java.lang.reflect.Method.invoke(Method.java:566)
	at com.thoughtworks.xstream.converters.reflection.SerializationMethodInvoker.callReadObject(SerializationMethodInvoker.java:113)
	at com.thoughtworks.xstream.converters.reflection.SerializableConverter.doUnmarshal(SerializableConverter.java:425)
	at com.thoughtworks.xstream.converters.reflection.AbstractReflectionConverter.unmarshal(AbstractReflectionConverter.java:234)
	at com.thoughtworks.xstream.core.TreeUnmarshaller.convert(TreeUnmarshaller.java:72)
	at com.thoughtworks.xstream.core.AbstractReferenceUnmarshaller.convert(AbstractReferenceUnmarshaller.java:65)
	at com.thoughtworks.xstream.core.TreeUnmarshaller.convertAnother(TreeUnmarshaller.java:66)
	at com.thoughtworks.xstream.core.TreeUnmarshaller.convertAnother(TreeUnmarshaller.java:50)
	at com.thoughtworks.xstream.converters.reflection.SerializableConverter$2.readFromStream(SerializableConverter.java:311)
	at com.thoughtworks.xstream.core.util.CustomObjectInputStream.readObjectOverride(CustomObjectInputStream.java:104)
	at java.base/java.io.ObjectInputStream.readObject(ObjectInputStream.java:424)
	at edu.cmu.side.model.Recipe.readObject(Recipe.java:468)
	at java.base/jdk.internal.reflect.NativeMethodAccessorImpl.invoke0(Native Method)
	at java.base/jdk.internal.reflect.NativeMethodAccessorImpl.invoke(NativeMethodAccessorImpl.java:62)
	at java.base/jdk.internal.reflect.DelegatingMethodAccessorImpl.invoke(DelegatingMethodAccessorImpl.java:43)
	at java.base/java.lang.reflect.Method.invoke(Method.java:566)
	at com.thoughtworks.xstream.converters.reflection.SerializationMethodInvoker.callReadObject(SerializationMethodInvoker.java:113)
	at com.thoughtworks.xstream.converters.reflection.SerializableConverter.doUnmarshal(SerializableConverter.java:425)
	at com.thoughtworks.xstream.converters.reflection.AbstractReflectionConverter.unmarshal(AbstractReflectionConverter.java:234)
	at com.thoughtworks.xstream.core.TreeUnmarshaller.convert(TreeUnmarshaller.java:72)
	at com.thoughtworks.xstream.core.AbstractReferenceUnmarshaller.convert(AbstractReferenceUnmarshaller.java:65)
	at com.thoughtworks.xstream.core.TreeUnmarshaller.convertAnother(TreeUnmarshaller.java:66)
	at com.thoughtworks.xstream.core.TreeUnmarshaller.convertAnother(TreeUnmarshaller.java:50)
	at com.thoughtworks.xstream.core.TreeUnmarshaller.start(TreeUnmarshaller.java:134)
	at com.thoughtworks.xstream.core.AbstractTreeMarshallingStrategy.unmarshal(AbstractTreeMarshallingStrategy.java:32)
	at com.thoughtworks.xstream.XStream.unmarshal(XStream.java:1058)
	at com.thoughtworks.xstream.XStream.unmarshal(XStream.java:1042)
	at com.thoughtworks.xstream.XStream.fromXML(XStream.java:913)
	at edu.cmu.side.recipe.converters.ConverterControl.readFromXML(ConverterControl.java:130)
	at edu.cmu.side.recipe.converters.ConverterControl.readFromXML(ConverterControl.java:124)
	at edu.cmu.side.plugin.LearningPluginTest.testTrainNominal(LearningPluginTest.java:45)
	at java.base/jdk.internal.reflect.NativeMethodAccessorImpl.invoke0(Native Method)
	at java.base/jdk.internal.reflect.NativeMethodAccessorImpl.invoke(NativeMethodAccessorImpl.java:62)
	at java.base/jdk.internal.reflect.DelegatingMethodAccessorImpl.invoke(DelegatingMethodAccessorImpl.java:43)
	at java.base/java.lang.reflect.Method.invoke(Method.java:566)
	at org.junit.runners.model.FrameworkMethod$1.runReflectiveCall(FrameworkMethod.java:47)
	at org.junit.internal.runners.model.ReflectiveCallable.run(ReflectiveCallable.java:12)
	at org.junit.runners.model.FrameworkMethod.invokeExplosively(FrameworkMethod.java:44)
	at org.junit.internal.runners.statements.InvokeMethod.evaluate(InvokeMethod.java:17)
	at org.junit.runners.ParentRunner.runLeaf(ParentRunner.java:271)
	at org.junit.runners.BlockJUnit4ClassRunner.runChild(BlockJUnit4ClassRunner.java:70)
	at org.junit.runners.BlockJUnit4ClassRunner.runChild(BlockJUnit4ClassRunner.java:50)
	at org.junit.runners.ParentRunner$3.run(ParentRunner.java:238)
	at org.junit.runners.ParentRunner$1.schedule(ParentRunner.java:63)
	at org.junit.runners.ParentRunner.runChildren(ParentRunner.java:236)
	at org.junit.runners.ParentRunner.access$000(ParentRunner.java:53)
	at org.junit.runners.ParentRunner$2.evaluate(ParentRunner.java:229)
	at org.junit.internal.runners.statements.RunBefores.evaluate(RunBefores.java:26)
	at org.junit.runners.ParentRunner.run(ParentRunner.java:309)
	at junit.framework.JUnit4TestAdapter.run(JUnit4TestAdapter.java:38)
	at org.apache.tools.ant.taskdefs.optional.junit.JUnitTestRunner.run(JUnitTestRunner.java:535)
	at org.apache.tools.ant.taskdefs.optional.junit.JUnitTestRunner.launch(JUnitTestRunner.java:1182)
	at org.apache.tools.ant.taskdefs.optional.junit.JUnitTestRunner.main(JUnitTestRunner.java:1033)
[Weka] Problem loading package chiSquaredAttributeEval skipping...
java.lang.ClassCastException: class jdk.internal.loader.ClassLoaders$AppClassLoader cannot be cast to class java.net.URLClassLoader (jdk.internal.loader.ClassLoaders$AppClassLoader and java.net.URLClassLoader are in module java.base of loader 'bootstrap')
	at weka.core.ClassloaderUtil.addURL(ClassloaderUtil.java:70)
	at weka.core.ClassloaderUtil.addFile(ClassloaderUtil.java:59)
	at weka.core.ClassloaderUtil.addFile(ClassloaderUtil.java:50)
	at weka.core.WekaPackageManager.loadPackageDirectory(WekaPackageManager.java:351)
	at weka.core.WekaPackageManager.loadPackageDirectory(WekaPackageManager.java:355)
	at weka.core.WekaPackageManager.loadPackages(WekaPackageManager.java:618)
	at weka.core.WekaPackageManager.loadPackages(WekaPackageManager.java:578)
	at weka.gui.GenericObjectEditor.determineClasses(GenericObjectEditor.java:173)
	at weka.gui.GenericObjectEditor.<clinit>(GenericObjectEditor.java:252)
	at plugins.learning.WekaGeneric.<init>(WekaGeneric.java:33)
	at java.base/jdk.internal.reflect.NativeConstructorAccessorImpl.newInstance0(Native Method)
	at java.base/jdk.internal.reflect.NativeConstructorAccessorImpl.newInstance(NativeConstructorAccessorImpl.java:62)
	at java.base/jdk.internal.reflect.DelegatingConstructorAccessorImpl.newInstance(DelegatingConstructorAccessorImpl.java:45)
	at java.base/java.lang.reflect.Constructor.newInstance(Constructor.java:490)
	at edu.cmu.side.plugin.control.PluginLoader.<init>(PluginLoader.java:66)
	at edu.cmu.side.plugin.control.PluginWrapper.getSIDEPlugin(PluginWrapper.java:52)
	at edu.cmu.side.plugin.control.PluginWrapper.getType(PluginWrapper.java:64)
	at edu.cmu.side.plugin.control.PluginManager.createPluginTypeMap(PluginManager.java:163)
	at edu.cmu.side.plugin.control.PluginManager.<init>(PluginManager.java:190)
	at edu.cmu.side.plugin.control.PluginManager.getSharedPluginManager(PluginManager.java:204)
	at edu.cmu.side.plugin.control.PluginManager.getPluginByClassname(PluginManager.java:212)
	at edu.cmu.side.plugin.SIDEPlugin.fromSerializable(SIDEPlugin.java:155)
	at edu.cmu.side.model.OrderedPluginMap.readObject(OrderedPluginMap.java:230)
	at java.base/jdk.internal.reflect.NativeMethodAccessorImpl.invoke0(Native Method)
	at java.base/jdk.internal.reflect.NativeMethodAccessorImpl.invoke(NativeMethodAccessorImpl.java:62)
	at java.base/jdk.internal.reflect.DelegatingMethodAccessorImpl.invoke(DelegatingMethodAccessorImpl.java:43)
	at java.base/java.lang.reflect.Method.invoke(Method.java:566)
	at com.thoughtworks.xstream.converters.reflection.SerializationMethodInvoker.callReadObject(SerializationMethodInvoker.java:113)
	at com.thoughtworks.xstream.converters.reflection.SerializableConverter.doUnmarshal(SerializableConverter.java:425)
	at com.thoughtworks.xstream.converters.reflection.AbstractReflectionConverter.unmarshal(AbstractReflectionConverter.java:234)
	at com.thoughtworks.xstream.core.TreeUnmarshaller.convert(TreeUnmarshaller.java:72)
	at com.thoughtworks.xstream.core.AbstractReferenceUnmarshaller.convert(AbstractReferenceUnmarshaller.java:65)
	at com.thoughtworks.xstream.core.TreeUnmarshaller.convertAnother(TreeUnmarshaller.java:66)
	at com.thoughtworks.xstream.core.TreeUnmarshaller.convertAnother(TreeUnmarshaller.java:50)
	at com.thoughtworks.xstream.converters.reflection.SerializableConverter$2.readFromStream(SerializableConverter.java:311)
	at com.thoughtworks.xstream.core.util.CustomObjectInputStream.readObjectOverride(CustomObjectInputStream.java:104)
	at java.base/java.io.ObjectInputStream.readObject(ObjectInputStream.java:424)
	at edu.cmu.side.model.Recipe.readObject(Recipe.java:468)
	at java.base/jdk.internal.reflect.NativeMethodAccessorImpl.invoke0(Native Method)
	at java.base/jdk.internal.reflect.NativeMethodAccessorImpl.invoke(NativeMethodAccessorImpl.java:62)
	at java.base/jdk.internal.reflect.DelegatingMethodAccessorImpl.invoke(DelegatingMethodAccessorImpl.java:43)
	at java.base/java.lang.reflect.Method.invoke(Method.java:566)
	at com.thoughtworks.xstream.converters.reflection.SerializationMethodInvoker.callReadObject(SerializationMethodInvoker.java:113)
	at com.thoughtworks.xstream.converters.reflection.SerializableConverter.doUnmarshal(SerializableConverter.java:425)
	at com.thoughtworks.xstream.converters.reflection.AbstractReflectionConverter.unmarshal(AbstractReflectionConverter.java:234)
	at com.thoughtworks.xstream.core.TreeUnmarshaller.convert(TreeUnmarshaller.java:72)
	at com.thoughtworks.xstream.core.AbstractReferenceUnmarshaller.convert(AbstractReferenceUnmarshaller.java:65)
	at com.thoughtworks.xstream.core.TreeUnmarshaller.convertAnother(TreeUnmarshaller.java:66)
	at com.thoughtworks.xstream.core.TreeUnmarshaller.convertAnother(TreeUnmarshaller.java:50)
	at com.thoughtworks.xstream.core.TreeUnmarshaller.start(TreeUnmarshaller.java:134)
	at com.thoughtworks.xstream.core.AbstractTreeMarshallingStrategy.unmarshal(AbstractTreeMarshallingStrategy.java:32)
	at com.thoughtworks.xstream.XStream.unmarshal(XStream.java:1058)
	at com.thoughtworks.xstream.XStream.unmarshal(XStream.java:1042)
	at com.thoughtworks.xstream.XStream.fromXML(XStream.java:913)
	at edu.cmu.side.recipe.converters.ConverterControl.readFromXML(ConverterControl.java:130)
	at edu.cmu.side.recipe.converters.ConverterControl.readFromXML(ConverterControl.java:124)
	at edu.cmu.side.plugin.LearningPluginTest.testTrainNominal(LearningPluginTest.java:45)
	at java.base/jdk.internal.reflect.NativeMethodAccessorImpl.invoke0(Native Method)
	at java.base/jdk.internal.reflect.NativeMethodAccessorImpl.invoke(NativeMethodAccessorImpl.java:62)
	at java.base/jdk.internal.reflect.DelegatingMethodAccessorImpl.invoke(DelegatingMethodAccessorImpl.java:43)
	at java.base/java.lang.reflect.Method.invoke(Method.java:566)
	at org.junit.runners.model.FrameworkMethod$1.runReflectiveCall(FrameworkMethod.java:47)
	at org.junit.internal.runners.model.ReflectiveCallable.run(ReflectiveCallable.java:12)
	at org.junit.runners.model.FrameworkMethod.invokeExplosively(FrameworkMethod.java:44)
	at org.junit.internal.runners.statements.InvokeMethod.evaluate(InvokeMethod.java:17)
	at org.junit.runners.ParentRunner.runLeaf(ParentRunner.java:271)
	at org.junit.runners.BlockJUnit4ClassRunner.runChild(BlockJUnit4ClassRunner.java:70)
	at org.junit.runners.BlockJUnit4ClassRunner.runChild(BlockJUnit4ClassRunner.java:50)
	at org.junit.runners.ParentRunner$3.run(ParentRunner.java:238)
	at org.junit.runners.ParentRunner$1.schedule(ParentRunner.java:63)
	at org.junit.runners.ParentRunner.runChildren(ParentRunner.java:236)
	at org.junit.runners.ParentRunner.access$000(ParentRunner.java:53)
	at org.junit.runners.ParentRunner$2.evaluate(ParentRunner.java:229)
	at org.junit.internal.runners.statements.RunBefores.evaluate(RunBefores.java:26)
	at org.junit.runners.ParentRunner.run(ParentRunner.java:309)
	at junit.framework.JUnit4TestAdapter.run(JUnit4TestAdapter.java:38)
	at org.apache.tools.ant.taskdefs.optional.junit.JUnitTestRunner.run(JUnitTestRunner.java:535)
	at org.apache.tools.ant.taskdefs.optional.junit.JUnitTestRunner.launch(JUnitTestRunner.java:1182)
	at org.apache.tools.ant.taskdefs.optional.junit.JUnitTestRunner.main(JUnitTestRunner.java:1033)
[Weka] Problem loading package LibLINEAR skipping...
java.lang.ClassCastException: class jdk.internal.loader.ClassLoaders$AppClassLoader cannot be cast to class java.net.URLClassLoader (jdk.internal.loader.ClassLoaders$AppClassLoader and java.net.URLClassLoader are in module java.base of loader 'bootstrap')
	at weka.core.ClassloaderUtil.addURL(ClassloaderUtil.java:70)
	at weka.core.ClassloaderUtil.addFile(ClassloaderUtil.java:59)
	at weka.core.ClassloaderUtil.addFile(ClassloaderUtil.java:50)
	at weka.core.WekaPackageManager.loadPackageDirectory(WekaPackageManager.java:351)
	at weka.core.WekaPackageManager.loadPackageDirectory(WekaPackageManager.java:355)
	at weka.core.WekaPackageManager.loadPackages(WekaPackageManager.java:618)
	at weka.core.WekaPackageManager.loadPackages(WekaPackageManager.java:578)
	at weka.gui.GenericObjectEditor.determineClasses(GenericObjectEditor.java:173)
	at weka.gui.GenericObjectEditor.<clinit>(GenericObjectEditor.java:252)
	at plugins.learning.WekaGeneric.<init>(WekaGeneric.java:33)
	at java.base/jdk.internal.reflect.NativeConstructorAccessorImpl.newInstance0(Native Method)
	at java.base/jdk.internal.reflect.NativeConstructorAccessorImpl.newInstance(NativeConstructorAccessorImpl.java:62)
	at java.base/jdk.internal.reflect.DelegatingConstructorAccessorImpl.newInstance(DelegatingConstructorAccessorImpl.java:45)
	at java.base/java.lang.reflect.Constructor.newInstance(Constructor.java:490)
	at edu.cmu.side.plugin.control.PluginLoader.<init>(PluginLoader.java:66)
	at edu.cmu.side.plugin.control.PluginWrapper.getSIDEPlugin(PluginWrapper.java:52)
	at edu.cmu.side.plugin.control.PluginWrapper.getType(PluginWrapper.java:64)
	at edu.cmu.side.plugin.control.PluginManager.createPluginTypeMap(PluginManager.java:163)
	at edu.cmu.side.plugin.control.PluginManager.<init>(PluginManager.java:190)
	at edu.cmu.side.plugin.control.PluginManager.getSharedPluginManager(PluginManager.java:204)
	at edu.cmu.side.plugin.control.PluginManager.getPluginByClassname(PluginManager.java:212)
	at edu.cmu.side.plugin.SIDEPlugin.fromSerializable(SIDEPlugin.java:155)
	at edu.cmu.side.model.OrderedPluginMap.readObject(OrderedPluginMap.java:230)
	at java.base/jdk.internal.reflect.NativeMethodAccessorImpl.invoke0(Native Method)
	at java.base/jdk.internal.reflect.NativeMethodAccessorImpl.invoke(NativeMethodAccessorImpl.java:62)
	at java.base/jdk.internal.reflect.DelegatingMethodAccessorImpl.invoke(DelegatingMethodAccessorImpl.java:43)
	at java.base/java.lang.reflect.Method.invoke(Method.java:566)
	at com.thoughtworks.xstream.converters.reflection.SerializationMethodInvoker.callReadObject(SerializationMethodInvoker.java:113)
	at com.thoughtworks.xstream.converters.reflection.SerializableConverter.doUnmarshal(SerializableConverter.java:425)
	at com.thoughtworks.xstream.converters.reflection.AbstractReflectionConverter.unmarshal(AbstractReflectionConverter.java:234)
	at com.thoughtworks.xstream.core.TreeUnmarshaller.convert(TreeUnmarshaller.java:72)
	at com.thoughtworks.xstream.core.AbstractReferenceUnmarshaller.convert(AbstractReferenceUnmarshaller.java:65)
	at com.thoughtworks.xstream.core.TreeUnmarshaller.convertAnother(TreeUnmarshaller.java:66)
	at com.thoughtworks.xstream.core.TreeUnmarshaller.convertAnother(TreeUnmarshaller.java:50)
	at com.thoughtworks.xstream.converters.reflection.SerializableConverter$2.readFromStream(SerializableConverter.java:311)
	at com.thoughtworks.xstream.core.util.CustomObjectInputStream.readObjectOverride(CustomObjectInputStream.java:104)
	at java.base/java.io.ObjectInputStream.readObject(ObjectInputStream.java:424)
	at edu.cmu.side.model.Recipe.readObject(Recipe.java:468)
	at java.base/jdk.internal.reflect.NativeMethodAccessorImpl.invoke0(Native Method)
	at java.base/jdk.internal.reflect.NativeMethodAccessorImpl.invoke(NativeMethodAccessorImpl.java:62)
	at java.base/jdk.internal.reflect.DelegatingMethodAccessorImpl.invoke(DelegatingMethodAccessorImpl.java:43)
	at java.base/java.lang.reflect.Method.invoke(Method.java:566)
	at com.thoughtworks.xstream.converters.reflection.SerializationMethodInvoker.callReadObject(SerializationMethodInvoker.java:113)
	at com.thoughtworks.xstream.converters.reflection.SerializableConverter.doUnmarshal(SerializableConverter.java:425)
	at com.thoughtworks.xstream.converters.reflection.AbstractReflectionConverter.unmarshal(AbstractReflectionConverter.java:234)
	at com.thoughtworks.xstream.core.TreeUnmarshaller.convert(TreeUnmarshaller.java:72)
	at com.thoughtworks.xstream.core.AbstractReferenceUnmarshaller.convert(AbstractReferenceUnmarshaller.java:65)
	at com.thoughtworks.xstream.core.TreeUnmarshaller.convertAnother(TreeUnmarshaller.java:66)
	at com.thoughtworks.xstream.core.TreeUnmarshaller.convertAnother(TreeUnmarshaller.java:50)
	at com.thoughtworks.xstream.core.TreeUnmarshaller.start(TreeUnmarshaller.java:134)
	at com.thoughtworks.xstream.core.AbstractTreeMarshallingStrategy.unmarshal(AbstractTreeMarshallingStrategy.java:32)
	at com.thoughtworks.xstream.XStream.unmarshal(XStream.java:1058)
	at com.thoughtworks.xstream.XStream.unmarshal(XStream.java:1042)
	at com.thoughtworks.xstream.XStream.fromXML(XStream.java:913)
	at edu.cmu.side.recipe.converters.ConverterControl.readFromXML(ConverterControl.java:130)
	at edu.cmu.side.recipe.converters.ConverterControl.readFromXML(ConverterControl.java:124)
	at edu.cmu.side.plugin.LearningPluginTest.testTrainNominal(LearningPluginTest.java:45)
	at java.base/jdk.internal.reflect.NativeMethodAccessorImpl.invoke0(Native Method)
	at java.base/jdk.internal.reflect.NativeMethodAccessorImpl.invoke(NativeMethodAccessorImpl.java:62)
	at java.base/jdk.internal.reflect.DelegatingMethodAccessorImpl.invoke(DelegatingMethodAccessorImpl.java:43)
	at java.base/java.lang.reflect.Method.invoke(Method.java:566)
	at org.junit.runners.model.FrameworkMethod$1.runReflectiveCall(FrameworkMethod.java:47)
	at org.junit.internal.runners.model.ReflectiveCallable.run(ReflectiveCallable.java:12)
	at org.junit.runners.model.FrameworkMethod.invokeExplosively(FrameworkMethod.java:44)
	at org.junit.internal.runners.statements.InvokeMethod.evaluate(InvokeMethod.java:17)
	at org.junit.runners.ParentRunner.runLeaf(ParentRunner.java:271)
	at org.junit.runners.BlockJUnit4ClassRunner.runChild(BlockJUnit4ClassRunner.java:70)
	at org.junit.runners.BlockJUnit4ClassRunner.runChild(BlockJUnit4ClassRunner.java:50)
	at org.junit.runners.ParentRunner$3.run(ParentRunner.java:238)
	at org.junit.runners.ParentRunner$1.schedule(ParentRunner.java:63)
	at org.junit.runners.ParentRunner.runChildren(ParentRunner.java:236)
	at org.junit.runners.ParentRunner.access$000(ParentRunner.java:53)
	at org.junit.runners.ParentRunner$2.evaluate(ParentRunner.java:229)
	at org.junit.internal.runners.statements.RunBefores.evaluate(RunBefores.java:26)
	at org.junit.runners.ParentRunner.run(ParentRunner.java:309)
	at junit.framework.JUnit4TestAdapter.run(JUnit4TestAdapter.java:38)
	at org.apache.tools.ant.taskdefs.optional.junit.JUnitTestRunner.run(JUnitTestRunner.java:535)
	at org.apache.tools.ant.taskdefs.optional.junit.JUnitTestRunner.launch(JUnitTestRunner.java:1182)
	at org.apache.tools.ant.taskdefs.optional.junit.JUnitTestRunner.main(JUnitTestRunner.java:1033)
[Weka] Problem loading package LibSVM skipping...
Refreshing GOE props...
ASSERTION FAILED
java.lang.reflect.InvocationTargetException
	at java.base/jdk.internal.reflect.NativeConstructorAccessorImpl.newInstance0(Native Method)
	at java.base/jdk.internal.reflect.NativeConstructorAccessorImpl.newInstance(NativeConstructorAccessorImpl.java:62)
	at java.base/jdk.internal.reflect.DelegatingConstructorAccessorImpl.newInstance(DelegatingConstructorAccessorImpl.java:45)
	at java.base/java.lang.reflect.Constructor.newInstance(Constructor.java:490)
	at edu.cmu.side.plugin.control.PluginLoader.<init>(PluginLoader.java:66)
	at edu.cmu.side.plugin.control.PluginWrapper.getSIDEPlugin(PluginWrapper.java:52)
	at edu.cmu.side.plugin.control.PluginWrapper.getType(PluginWrapper.java:64)
	at edu.cmu.side.plugin.control.PluginManager.createPluginTypeMap(PluginManager.java:163)
	at edu.cmu.side.plugin.control.PluginManager.<init>(PluginManager.java:190)
	at edu.cmu.side.plugin.control.PluginManager.getSharedPluginManager(PluginManager.java:204)
	at edu.cmu.side.plugin.control.PluginManager.getPluginByClassname(PluginManager.java:212)
	at edu.cmu.side.plugin.SIDEPlugin.fromSerializable(SIDEPlugin.java:155)
	at edu.cmu.side.model.OrderedPluginMap.readObject(OrderedPluginMap.java:230)
	at java.base/jdk.internal.reflect.NativeMethodAccessorImpl.invoke0(Native Method)
	at java.base/jdk.internal.reflect.NativeMethodAccessorImpl.invoke(NativeMethodAccessorImpl.java:62)
	at java.base/jdk.internal.reflect.DelegatingMethodAccessorImpl.invoke(DelegatingMethodAccessorImpl.java:43)
	at java.base/java.lang.reflect.Method.invoke(Method.java:566)
	at com.thoughtworks.xstream.converters.reflection.SerializationMethodInvoker.callReadObject(SerializationMethodInvoker.java:113)
	at com.thoughtworks.xstream.converters.reflection.SerializableConverter.doUnmarshal(SerializableConverter.java:425)
	at com.thoughtworks.xstream.converters.reflection.AbstractReflectionConverter.unmarshal(AbstractReflectionConverter.java:234)
	at com.thoughtworks.xstream.core.TreeUnmarshaller.convert(TreeUnmarshaller.java:72)
	at com.thoughtworks.xstream.core.AbstractReferenceUnmarshaller.convert(AbstractReferenceUnmarshaller.java:65)
	at com.thoughtworks.xstream.core.TreeUnmarshaller.convertAnother(TreeUnmarshaller.java:66)
	at com.thoughtworks.xstream.core.TreeUnmarshaller.convertAnother(TreeUnmarshaller.java:50)
	at com.thoughtworks.xstream.converters.reflection.SerializableConverter$2.readFromStream(SerializableConverter.java:311)
	at com.thoughtworks.xstream.core.util.CustomObjectInputStream.readObjectOverride(CustomObjectInputStream.java:104)
	at java.base/java.io.ObjectInputStream.readObject(ObjectInputStream.java:424)
	at edu.cmu.side.model.Recipe.readObject(Recipe.java:468)
	at java.base/jdk.internal.reflect.NativeMethodAccessorImpl.invoke0(Native Method)
	at java.base/jdk.internal.reflect.NativeMethodAccessorImpl.invoke(NativeMethodAccessorImpl.java:62)
	at java.base/jdk.internal.reflect.DelegatingMethodAccessorImpl.invoke(DelegatingMethodAccessorImpl.java:43)
	at java.base/java.lang.reflect.Method.invoke(Method.java:566)
	at com.thoughtworks.xstream.converters.reflection.SerializationMethodInvoker.callReadObject(SerializationMethodInvoker.java:113)
	at com.thoughtworks.xstream.converters.reflection.SerializableConverter.doUnmarshal(SerializableConverter.java:425)
	at com.thoughtworks.xstream.converters.reflection.AbstractReflectionConverter.unmarshal(AbstractReflectionConverter.java:234)
	at com.thoughtworks.xstream.core.TreeUnmarshaller.convert(TreeUnmarshaller.java:72)
	at com.thoughtworks.xstream.core.AbstractReferenceUnmarshaller.convert(AbstractReferenceUnmarshaller.java:65)
	at com.thoughtworks.xstream.core.TreeUnmarshaller.convertAnother(TreeUnmarshaller.java:66)
	at com.thoughtworks.xstream.core.TreeUnmarshaller.convertAnother(TreeUnmarshaller.java:50)
	at com.thoughtworks.xstream.core.TreeUnmarshaller.start(TreeUnmarshaller.java:134)
	at com.thoughtworks.xstream.core.AbstractTreeMarshallingStrategy.unmarshal(AbstractTreeMarshallingStrategy.java:32)
	at com.thoughtworks.xstream.XStream.unmarshal(XStream.java:1058)
	at com.thoughtworks.xstream.XStream.unmarshal(XStream.java:1042)
	at com.thoughtworks.xstream.XStream.fromXML(XStream.java:913)
	at edu.cmu.side.recipe.converters.ConverterControl.readFromXML(ConverterControl.java:130)
	at edu.cmu.side.recipe.converters.ConverterControl.readFromXML(ConverterControl.java:124)
	at edu.cmu.side.plugin.LearningPluginTest.testTrainNominal(LearningPluginTest.java:45)
	at java.base/jdk.internal.reflect.NativeMethodAccessorImpl.invoke0(Native Method)
	at java.base/jdk.internal.reflect.NativeMethodAccessorImpl.invoke(NativeMethodAccessorImpl.java:62)
	at java.base/jdk.internal.reflect.DelegatingMethodAccessorImpl.invoke(DelegatingMethodAccessorImpl.java:43)
	at java.base/java.lang.reflect.Method.invoke(Method.java:566)
	at org.junit.runners.model.FrameworkMethod$1.runReflectiveCall(FrameworkMethod.java:47)
	at org.junit.internal.runners.model.ReflectiveCallable.run(ReflectiveCallable.java:12)
	at org.junit.runners.model.FrameworkMethod.invokeExplosively(FrameworkMethod.java:44)
	at org.junit.internal.runners.statements.InvokeMethod.evaluate(InvokeMethod.java:17)
	at org.junit.runners.ParentRunner.runLeaf(ParentRunner.java:271)
	at org.junit.runners.BlockJUnit4ClassRunner.runChild(BlockJUnit4ClassRunner.java:70)
	at org.junit.runners.BlockJUnit4ClassRunner.runChild(BlockJUnit4ClassRunner.java:50)
	at org.junit.runners.ParentRunner$3.run(ParentRunner.java:238)
	at org.junit.runners.ParentRunner$1.schedule(ParentRunner.java:63)
	at org.junit.runners.ParentRunner.runChildren(ParentRunner.java:236)
	at org.junit.runners.ParentRunner.access$000(ParentRunner.java:53)
	at org.junit.runners.ParentRunner$2.evaluate(ParentRunner.java:229)
	at org.junit.internal.runners.statements.RunBefores.evaluate(RunBefores.java:26)
	at org.junit.runners.ParentRunner.run(ParentRunner.java:309)
	at junit.framework.JUnit4TestAdapter.run(JUnit4TestAdapter.java:38)
	at org.apache.tools.ant.taskdefs.optional.junit.JUnitTestRunner.run(JUnitTestRunner.java:535)
	at org.apache.tools.ant.taskdefs.optional.junit.JUnitTestRunner.launch(JUnitTestRunner.java:1182)
	at org.apache.tools.ant.taskdefs.optional.junit.JUnitTestRunner.main(JUnitTestRunner.java:1033)
Caused by: java.lang.ExceptionInInitializerError
	at plugins.learning.WekaGeneric.<init>(WekaGeneric.java:33)
	... 69 more
Caused by: java.awt.HeadlessException
	at java.desktop/java.awt.GraphicsEnvironment.checkHeadless(GraphicsEnvironment.java:208)
	at java.desktop/java.awt.Window.<init>(Window.java:548)
	at java.desktop/java.awt.Frame.<init>(Frame.java:423)
	at java.desktop/java.awt.Frame.<init>(Frame.java:388)
	at java.desktop/javax.swing.SwingUtilities$SharedOwnerFrame.<init>(SwingUtilities.java:1919)
	at java.desktop/javax.swing.SwingUtilities.getSharedOwnerFrame(SwingUtilities.java:1995)
	at java.desktop/javax.swing.JOptionPane.getRootFrame(JOptionPane.java:1689)
	at java.desktop/javax.swing.JOptionPane.showOptionDialog(JOptionPane.java:868)
	at java.desktop/javax.swing.JOptionPane.showMessageDialog(JOptionPane.java:670)
	at java.desktop/javax.swing.JOptionPane.showMessageDialog(JOptionPane.java:641)
	at weka.gui.GenericObjectEditor.determineClasses(GenericObjectEditor.java:235)
	at weka.gui.GenericObjectEditor.<clinit>(GenericObjectEditor.java:252)
	... 70 more
]]></system-err>
</testsuite>
