<?xml version="1.0" encoding="UTF-8" ?>
<testsuite name="edu.cmu.side.model.FreqMapTest" timestamp="2018-10-15T20:33:36" hostname="Aeolis-Mons.wv.cc.cmu.edu" tests="10" failures="0" errors="0" skipped="0" time="0.117">
  <properties>
    <property name="java.vendor" value="Oracle Corporation" />
    <property name="ant.file.type.lightside" value="file" />
    <property name="sun.java.launcher" value="SUN_STANDARD" />
    <property name="env.XPC_SERVICE_NAME" value="0" />
    <property name="env.PERLBREW_PERL" value="perl-5.16.0" />
    <property name="env.PERL_MM_OPT" value="INSTALL_BASE=/Users/bogart-MBP-isri/perl5" />
    <property name="sun.management.compiler" value="HotSpot 64-Bit Tiered Compilers" />
    <property name="env.SECURITYSESSIONID" value="186a7" />
    <property name="env.COLORFGBG" value="15;0" />
    <property name="os.name" value="Mac OS X" />
    <property name="sun.boot.class.path" value="/Library/Java/JavaVirtualMachines/jdk1.8.0_181.jdk/Contents/Home/jre/lib/resources.jar:/Library/Java/JavaVirtualMachines/jdk1.8.0_181.jdk/Contents/Home/jre/lib/rt.jar:/Library/Java/JavaVirtualMachines/jdk1.8.0_181.jdk/Contents/Home/jre/lib/sunrsasign.jar:/Library/Java/JavaVirtualMachines/jdk1.8.0_181.jdk/Contents/Home/jre/lib/jsse.jar:/Library/Java/JavaVirtualMachines/jdk1.8.0_181.jdk/Contents/Home/jre/lib/jce.jar:/Library/Java/JavaVirtualMachines/jdk1.8.0_181.jdk/Contents/Home/jre/lib/charsets.jar:/Library/Java/JavaVirtualMachines/jdk1.8.0_181.jdk/Contents/Home/jre/lib/jfr.jar:/Library/Java/JavaVirtualMachines/jdk1.8.0_181.jdk/Contents/Home/jre/classes" />
    <property name="env.TMPDIR" value="/var/folders/cw/zchk8j0x7cgg07j6xbldqnw80000gn/T/" />
    <property name="env.PWD" value="/Users/bogart-MBP-isri/eclipse-oxygen2/lightside" />
    <property name="env.PERL_MB_OPT" value="--install_base &quot;/Users/bogart-MBP-isri/perl5&quot;" />
    <property name="env.LANG" value="en_US.UTF-8" />
    <property name="env.LESS" value="-R" />
    <property name="java.vm.specification.vendor" value="Oracle Corporation" />
    <property name="ant.home" value="/usr/local/Cellar/ant/1.9.7/libexec" />
    <property name="java.runtime.version" value="1.8.0_181-b13" />
    <property name="env.Apple_PubSub_Socket_Render" value="/private/tmp/com.apple.launchd.2NjyC60jE8/Render" />
    <property name="env.DISPLAY" value="/private/tmp/com.apple.launchd.DM3iiXV3lS/org.macosforge.xquartz:0" />
    <property name="user.name" value="bogart-MBP-isri" />
    <property name="env.USER" value="bogart-MBP-isri" />
    <property name="env.SHELL" value="/bin/zsh" />
    <property name="env.JAVA_MAIN_CLASS_51158" value="org.apache.tools.ant.launch.Launcher" />
    <property name="env.GHC_DOT_APP" value="/Applications/ghc-7.8.4.app" />
    <property name="env.__CF_USER_TEXT_ENCODING" value="0x1F5:0x0:0x0" />
    <property name="env.PERLBREW_ROOT" value="/Users/bogart-MBP-isri/perl5/perlbrew" />
    <property name="env.PERLBREW_BASHRC_VERSION" value="0.80" />
    <property name="env.PATH" value="/Users/bogart-MBP-isri/.jenv/shims:/Users/bogart-MBP-isri/.jenv/shims:/Users/bogart-MBP-isri/perl5/perlbrew/bin:/Users/bogart-MBP-isri/perl5/perlbrew/perls/perl-5.16.0/bin:/Users/bogart-MBP-isri/flutter/flutter/bin:/Users/bogart-MBP-isri/perl5/bin:/Users/bogart-MBP-isri/.rbenv/shims:/Users/bogart-MBP-isri/.cabal/bin:/Applications/ghc-7.8.4.app/Contents/bin:/usr/local/bin:/usr/bin:/bin:/usr/sbin:/sbin:/opt/X11/bin:/usr/texbin:/Users/bogart-MBP-isri/.rbenv/versions/2.2.3/bin" />
    <property name="user.language" value="en" />
    <property name="sun.boot.library.path" value="/Library/Java/JavaVirtualMachines/jdk1.8.0_181.jdk/Contents/Home/jre/lib" />
    <property name="ant.project.default-target" value="compile" />
    <property name="env.XPC_FLAGS" value="0x0" />
    <property name="ant.project.name" value="lightside" />
    <property name="env.LC_CTYPE" value="en_US.UTF-8" />
    <property name="java.version" value="1.8.0_181" />
    <property name="user.timezone" value="" />
    <property name="sun.arch.data.model" value="64" />
    <property name="http.nonProxyHosts" value="local|*.local|169.254/16|*.169.254/16" />
    <property name="java.endorsed.dirs" value="/Library/Java/JavaVirtualMachines/jdk1.8.0_181.jdk/Contents/Home/jre/lib/endorsed" />
    <property name="sun.cpu.isalist" value="" />
    <property name="sun.jnu.encoding" value="UTF-8" />
    <property name="env.ITERM_SESSION_ID" value="w3t0p0:85E12FEB-2E12-4B1A-9393-B8E94616349F" />
    <property name="file.encoding.pkg" value="sun.io" />
    <property name="env.SHLVL" value="2" />
    <property name="env.PERL_LOCAL_LIB_ROOT" value="/Users/bogart-MBP-isri/perl5:/Users/bogart-MBP-isri/perl5" />
    <property name="file.separator" value="/" />
    <property name="java.specification.name" value="Java Platform API Specification" />
    <property name="env.PERLBREW_HOME" value="/Users/bogart-MBP-isri/.perlbrew" />
    <property name="java.class.version" value="52.0" />
    <property name="user.country" value="US" />
    <property name="java.home" value="/Library/Java/JavaVirtualMachines/jdk1.8.0_181.jdk/Contents/Home/jre" />
    <property name="env.ANDROID_HOME" value="/Users/bogart-MBP-isri/Documents/android-sdk-macosx" />
    <property name="env.ZSH" value="/Users/bogart-MBP-isri/.oh-my-zsh" />
    <property name="java.vm.info" value="mixed mode" />
    <property name="env.JENV_LOADED" value="1" />
    <property name="env.LOGNAME" value="bogart-MBP-isri" />
    <property name="ant.file" value="/Users/bogart-MBP-isri/eclipse-oxygen2/lightside/build.xml" />
    <property name="os.version" value="10.11.6" />
    <property name="env.TERM_PROGRAM_VERSION" value="3.1.6" />
    <property name="path.separator" value=":" />
    <property name="java.vm.version" value="25.181-b13" />
    <property name="ant.library.dir" value="/usr/local/Cellar/ant/1.9.7/libexec/lib" />
    <property name="junit.output.dir" value="junit" />
    <property name="env.JAVA_HOME" value="/Library/Java/JavaVirtualMachines/jdk1.8.0_181.jdk/Contents/Home" />
    <property name="java.awt.printerjob" value="sun.lwawt.macosx.CPrinterJob" />
    <property name="env.TERM" value="xterm-256color" />
    <property name="sun.io.unicode.encoding" value="UnicodeBig" />
    <property name="awt.toolkit" value="sun.lwawt.macosx.LWCToolkit" />
    <property name="socksNonProxyHosts" value="local|*.local|169.254/16|*.169.254/16" />
    <property name="env.LSCOLORS" value="Gxfxcxdxbxegedabagacad" />
    <property name="ftp.nonProxyHosts" value="local|*.local|169.254/16|*.169.254/16" />
    <property name="env.MANPATH" value="/Users/bogart-MBP-isri/perl5/perlbrew/perls/perl-5.16.0/man:/Users/bogart-MBP-isri/perl5/man:/Users/bogart-MBP-isri/.pyenv/versions/2.7.15/share/man:/Applications/ghc-7.8.4.app/Contents/share/man:/usr/local/share/man:/usr/share/man:/opt/X11/share/man:/Users/bogart-MBP-isri/.rbenv/versions/2.2.3/share/man:/Applications/Xcode.app/Contents/Developer/usr/share/man:/Applications/Xcode.app/Contents/Developer/Toolchains/XcodeDefault.xctoolchain/usr/share/man" />
    <property name="lightside.location" value="." />
    <property name="target" value="1.8" />
    <property name="user.home" value="/Users/bogart-MBP-isri" />
    <property name="java.specification.vendor" value="Oracle Corporation" />
    <property name="env.TERM_PROGRAM" value="iTerm.app" />
    <property name="env.PAGER" value="less" />
    <property name="java.vendor.url" value="http://java.oracle.com/" />
    <property name="java.library.path" value="/Users/bogart-MBP-isri/Library/Java/Extensions:/Library/Java/Extensions:/Network/Library/Java/Extensions:/System/Library/Java/Extensions:/usr/lib/java:." />
    <property name="gopherProxySet" value="false" />
    <property name="java.vm.vendor" value="Oracle Corporation" />
    <property name="java.runtime.name" value="Java(TM) SE Runtime Environment" />
    <property name="ant.version" value="Apache Ant(TM) version 1.9.7 compiled on April 9 2016" />
    <property name="sun.java.command" value="org.apache.tools.ant.taskdefs.optional.junit.JUnitTestRunner edu.cmu.side.model.FreqMapTest skipNonTests=false filtertrace=true haltOnError=true haltOnFailure=true formatter=org.apache.tools.ant.taskdefs.optional.junit.SummaryJUnitResultFormatter showoutput=true outputtoformatters=true logfailedtests=true threadid=0 logtestlistenerevents=false formatter=org.apache.tools.ant.taskdefs.optional.junit.XMLJUnitResultFormatter,/Users/bogart-MBP-isri/eclipse-oxygen2/lightside/junit/TEST-edu.cmu.side.model.FreqMapTest.xml crashfile=/Users/bogart-MBP-isri/eclipse-oxygen2/lightside/junitvmwatcher2125653933381116937.properties propsfile=/Users/bogart-MBP-isri/eclipse-oxygen2/lightside/junit249408646974179006.properties" />
    <property name="java.class.path" value="/Users/bogart-MBP-isri/eclipse-oxygen2/lightside/bin:/Users/bogart-MBP-isri/eclipse-oxygen2/lightside/lib/commons-math3-3.1.jar:/Users/bogart-MBP-isri/eclipse-oxygen2/lightside/lib/ejml-0.23.jar:/Users/bogart-MBP-isri/eclipse-oxygen2/lightside/lib/gson-2.2.4.jar:/Users/bogart-MBP-isri/eclipse-oxygen2/lightside/lib/hamcrest.jar:/Users/bogart-MBP-isri/eclipse-oxygen2/lightside/lib/java-cup.jar:/Users/bogart-MBP-isri/eclipse-oxygen2/lightside/lib/junit.jar:/Users/bogart-MBP-isri/eclipse-oxygen2/lightside/lib/kuromoji-core-0.9.0.jar:/Users/bogart-MBP-isri/eclipse-oxygen2/lightside/lib/kuromoji-ipadic-0.9.0.jar:/Users/bogart-MBP-isri/eclipse-oxygen2/lightside/lib/packageManager.jar:/Users/bogart-MBP-isri/eclipse-oxygen2/lightside/lib/py4j0.8.jar:/Users/bogart-MBP-isri/eclipse-oxygen2/lightside/lib/riverlayout.jar:/Users/bogart-MBP-isri/eclipse-oxygen2/lightside/lib/simple-5.0.4.jar:/Users/bogart-MBP-isri/eclipse-oxygen2/lightside/lib/slf4j-api-1.7.12-sources.jar:/Users/bogart-MBP-isri/eclipse-oxygen2/lightside/lib/slf4j-api.jar:/Users/bogart-MBP-isri/eclipse-oxygen2/lightside/lib/stanford-parser-3.9.1-sources.jar:/Users/bogart-MBP-isri/eclipse-oxygen2/lightside/lib/stanford-parser.jar:/Users/bogart-MBP-isri/eclipse-oxygen2/lightside/lib/stanford-postagger.jar:/Users/bogart-MBP-isri/eclipse-oxygen2/lightside/lib/stanford-segmenter-3.9.1-javadoc.jar:/Users/bogart-MBP-isri/eclipse-oxygen2/lightside/lib/stanford-segmenter-3.9.1-sources.jar:/Users/bogart-MBP-isri/eclipse-oxygen2/lightside/lib/stanford-segmenter-3.9.1.jar:/Users/bogart-MBP-isri/eclipse-oxygen2/lightside/lib/weka.jar:/Users/bogart-MBP-isri/eclipse-oxygen2/lightside/lib/xmlparserv2.jar:/Users/bogart-MBP-isri/eclipse-oxygen2/lightside/lib/xstream-1.4.4.jar:/Users/bogart-MBP-isri/eclipse-oxygen2/lightside/lib/xstream-benchmark-1.4.4.jar:/Users/bogart-MBP-isri/eclipse-oxygen2/lightside/lib/xstream-hibernate-1.4.4.jar:/Users/bogart-MBP-isri/eclipse-oxygen2/lightside/lib/xstream-hibernate/antlr-2.7.7.jar:/Users/bogart-MBP-isri/eclipse-oxygen2/lightside/lib/xstream-hibernate/dom4j-1.6.1.jar:/Users/bogart-MBP-isri/eclipse-oxygen2/lightside/lib/xstream-hibernate/hibernate-commons-annotations-4.0.1.Final.jar:/Users/bogart-MBP-isri/eclipse-oxygen2/lightside/lib/xstream-hibernate/hibernate-core-4.1.4.Final.jar:/Users/bogart-MBP-isri/eclipse-oxygen2/lightside/lib/xstream-hibernate/hibernate-jpa-2.0-api-1.0.1.Final.jar:/Users/bogart-MBP-isri/eclipse-oxygen2/lightside/lib/xstream-hibernate/javassist-3.15.0-GA.jar:/Users/bogart-MBP-isri/eclipse-oxygen2/lightside/lib/xstream-hibernate/jboss-logging-3.1.0.GA.jar:/Users/bogart-MBP-isri/eclipse-oxygen2/lightside/lib/xstream-hibernate/jboss-transaction-api_1.1_spec-1.0.0.Final.jar:/Users/bogart-MBP-isri/eclipse-oxygen2/lightside/lib/xstream-hibernate/slf4j-api-1.6.1.jar:/Users/bogart-MBP-isri/eclipse-oxygen2/lightside/lib/xstream-hibernate/xmlpull-1.1.3.1.jar:/Users/bogart-MBP-isri/eclipse-oxygen2/lightside/lib/xstream-hibernate/xpp3_min-1.1.4c.jar:/Users/bogart-MBP-isri/eclipse-oxygen2/lightside/lib/xstream/cglib-nodep-2.2.jar:/Users/bogart-MBP-isri/eclipse-oxygen2/lightside/lib/xstream/dom4j-1.6.1.jar:/Users/bogart-MBP-isri/eclipse-oxygen2/lightside/lib/xstream/jdom-1.1.jar:/Users/bogart-MBP-isri/eclipse-oxygen2/lightside/lib/xstream/jettison-1.2.jar:/Users/bogart-MBP-isri/eclipse-oxygen2/lightside/lib/xstream/joda-time-1.6.jar:/Users/bogart-MBP-isri/eclipse-oxygen2/lightside/lib/xstream/json-20080701.jar:/Users/bogart-MBP-isri/eclipse-oxygen2/lightside/lib/xstream/kxml2-2.3.0.jar:/Users/bogart-MBP-isri/eclipse-oxygen2/lightside/lib/xstream/kxml2-min-2.3.0.jar:/Users/bogart-MBP-isri/eclipse-oxygen2/lightside/lib/xstream/stax-1.2.0.jar:/Users/bogart-MBP-isri/eclipse-oxygen2/lightside/lib/xstream/stax-api-1.0.1.jar:/Users/bogart-MBP-isri/eclipse-oxygen2/lightside/lib/xstream/wstx-asl-3.2.7.jar:/Users/bogart-MBP-isri/eclipse-oxygen2/lightside/lib/xstream/xmlpull-1.1.3.1.jar:/Users/bogart-MBP-isri/eclipse-oxygen2/lightside/lib/xstream/xom-1.1.jar:/Users/bogart-MBP-isri/eclipse-oxygen2/lightside/lib/xstream/xpp3_min-1.1.4c.jar:/Users/bogart-MBP-isri/eclipse-oxygen2/lightside/lib/yeritools-min.jar:/Users/bogart-MBP-isri/eclipse-oxygen2/lightside/plugins/genesis.jar:/usr/local/Cellar/ant/1.9.7/libexec/lib/ant-launcher.jar:/usr/local/Cellar/ant/1.9.7/libexec/lib/ant.jar:/usr/local/Cellar/ant/1.9.7/libexec/lib/ant-junit.jar:/usr/local/Cellar/ant/1.9.7/libexec/lib/ant-junit4.jar" />
    <property name="env.TERM_SESSION_ID" value="w3t0p0:85E12FEB-2E12-4B1A-9393-B8E94616349F" />
    <property name="java.vm.specification.name" value="Java Virtual Machine Specification" />
    <property name="ant.file.type" value="file" />
    <property name="env.VIRTUAL_ENV_DISABLE_PROMPT" value="1" />
    <property name="env.RBENV_SHELL" value="zsh" />
    <property name="java.vm.specification.version" value="1.8" />
    <property name="sun.cpu.endian" value="little" />
    <property name="sun.os.patch.level" value="unknown" />
    <property name="java.awt.headless" value="true" />
    <property name="env.HOME" value="/Users/bogart-MBP-isri" />
    <property name="debuglevel" value="source,lines,vars" />
    <property name="java.io.tmpdir" value="/var/folders/cw/zchk8j0x7cgg07j6xbldqnw80000gn/T/" />
    <property name="java.vendor.url.bug" value="http://bugreport.sun.com/bugreport/" />
    <property name="env.SSH_AUTH_SOCK" value="/private/tmp/com.apple.launchd.NLtf4dRPzK/Listeners" />
    <property name="env.PERLBREW_VERSION" value="0.80" />
    <property name="env.COMMAND_MODE" value="unix2003" />
    <property name="java.awt.graphicsenv" value="sun.awt.CGraphicsEnvironment" />
    <property name="os.arch" value="x86_64" />
    <property name="env.PERLBREW_MANPATH" value="/Users/bogart-MBP-isri/perl5/perlbrew/perls/perl-5.16.0/man" />
    <property name="java.ext.dirs" value="/Users/bogart-MBP-isri/Library/Java/Extensions:/Library/Java/JavaVirtualMachines/jdk1.8.0_181.jdk/Contents/Home/jre/lib/ext:/Library/Java/Extensions:/Network/Library/Java/Extensions:/System/Library/Java/Extensions:/usr/lib/java" />
    <property name="env.PERL5LIB" value="/Users/bogart-MBP-isri/perl5/lib/perl5:/Users/bogart-MBP-isri/perl5/lib/perl5" />
    <property name="ant.file.lightside" value="/Users/bogart-MBP-isri/eclipse-oxygen2/lightside/build.xml" />
    <property name="user.dir" value="/Users/bogart-MBP-isri/eclipse-oxygen2/lightside" />
    <property name="env.PERLBREW_PATH" value="/Users/bogart-MBP-isri/perl5/perlbrew/bin:/Users/bogart-MBP-isri/perl5/perlbrew/perls/perl-5.16.0/bin" />
    <property name="line.separator" value="&#xa;" />
    <property name="java.vm.name" value="Java HotSpot(TM) 64-Bit Server VM" />
    <property name="env.COLORTERM" value="truecolor" />
    <property name="basedir" value="/Users/bogart-MBP-isri/eclipse-oxygen2/lightside" />
    <property name="env.ITERM_PROFILE" value="Default" />
    <property name="ant.java.version" value="1.8" />
    <property name="ant.core.lib" value="/usr/local/Cellar/ant/1.9.7/libexec/lib/ant.jar" />
    <property name="source" value="1.8" />
    <property name="file.encoding" value="UTF-8" />
    <property name="java.specification.version" value="1.8" />
    <property name="ant.project.invoked-targets" value="build-intl" />
  </properties>
  <testcase name="testSum" classname="edu.cmu.side.model.FreqMapTest" time="0.002" />
  <testcase name="testTop" classname="edu.cmu.side.model.FreqMapTest" time="0.003" />
  <testcase name="testCount" classname="edu.cmu.side.model.FreqMapTest" time="0.0" />
  <testcase name="testSafeGetFailure" classname="edu.cmu.side.model.FreqMapTest" time="0.0" />
  <testcase name="testArrayList" classname="edu.cmu.side.model.FreqMapTest" time="0.001" />
  <testcase name="testCountAll" classname="edu.cmu.side.model.FreqMapTest" time="0.0" />
  <testcase name="testCountWithInteger" classname="edu.cmu.side.model.FreqMapTest" time="0.0" />
  <testcase name="testTopTooHighIndex" classname="edu.cmu.side.model.FreqMapTest" time="0.0" />
  <testcase name="testGetMaxKey" classname="edu.cmu.side.model.FreqMapTest" time="0.0" />
  <testcase name="testSafeGet" classname="edu.cmu.side.model.FreqMapTest" time="0.0" />
  <system-out><![CDATA[]]></system-out>
  <system-err><![CDATA[]]></system-err>
</testsuite>
