<?xml version="1.0" encoding="UTF-8" ?>
<testsuite name="plugins.fileParsing.CSVParserTest" timestamp="2022-04-18T17:40:50" hostname="NATCHEZ.LTI.CS.CMU.EDU" tests="6" failures="0" errors="0" skipped="0" time="0.157">
  <properties>
    <property name="java.vendor" value="Temurin" />
    <property name="ant.file.type.lightside-plugins" value="file" />
    <property name="sun.java.launcher" value="SUN_STANDARD" />
    <property name="env.XPC_SERVICE_NAME" value="0" />
    <property name="sun.management.compiler" value="HotSpot 64-Bit Tiered Compilers" />
    <property name="ant.file.lightside-plugins" value="/Users/rcmurray/git/DANCEcollaborative/bazaar/Genesis-Plugins/build.xml" />
    <property name="env.SECURITYSESSIONID" value="186a9" />
    <property name="os.name" value="Mac OS X" />
    <property name="sun.boot.class.path" value="/Library/Java/JavaVirtualMachines/temurin-8.jdk/Contents/Home/jre/lib/resources.jar:/Library/Java/JavaVirtualMachines/temurin-8.jdk/Contents/Home/jre/lib/rt.jar:/Library/Java/JavaVirtualMachines/temurin-8.jdk/Contents/Home/jre/lib/sunrsasign.jar:/Library/Java/JavaVirtualMachines/temurin-8.jdk/Contents/Home/jre/lib/jsse.jar:/Library/Java/JavaVirtualMachines/temurin-8.jdk/Contents/Home/jre/lib/jce.jar:/Library/Java/JavaVirtualMachines/temurin-8.jdk/Contents/Home/jre/lib/charsets.jar:/Library/Java/JavaVirtualMachines/temurin-8.jdk/Contents/Home/jre/lib/jfr.jar:/Library/Java/JavaVirtualMachines/temurin-8.jdk/Contents/Home/jre/classes" />
    <property name="env.TMPDIR" value="/var/folders/r3/g620c7095lx_cx9n34x_8_lm0000gq/T/" />
    <property name="env.PWD" value="/Users/rcmurray/git/DANCEcollaborative/bazaar/Genesis-Plugins" />
    <property name="env.LANG" value="en_US.UTF-8" />
    <property name="java.vm.specification.vendor" value="Oracle Corporation" />
    <property name="ant.home" value="/usr/local/Cellar/ant/1.10.12/libexec" />
    <property name="java.runtime.version" value="1.8.0_322-b06" />
    <property name="user.name" value="rcmurray" />
    <property name="env.USER" value="rcmurray" />
    <property name="env.SHELL" value="/bin/zsh" />
    <property name="env.__CF_USER_TEXT_ENCODING" value="0x1F7:0x0:0x0" />
    <property name="env.PATH" value="/Users/rcmurray/.pyenv/shims:/Users/rcmurray/.jenv/shims:/Users/rcmurray/.jenv/bin:/usr/local/bin:/usr/bin:/bin:/usr/sbin:/sbin:/opt/X11/bin" />
    <property name="user.language" value="en" />
    <property name="sun.boot.library.path" value="/Library/Java/JavaVirtualMachines/temurin-8.jdk/Contents/Home/jre/lib" />
    <property name="env.JENV_FORCEJAVAHOME" value="true" />
    <property name="ant.project.default-target" value="compile" />
    <property name="env.XPC_FLAGS" value="0x0" />
    <property name="ant.project.name" value="lightside-plugins" />
    <property name="java.version" value="1.8.0_322" />
    <property name="user.timezone" value="" />
    <property name="sun.arch.data.model" value="64" />
    <property name="http.nonProxyHosts" value="local|*.local|169.254/16|*.169.254/16" />
    <property name="java.endorsed.dirs" value="/Library/Java/JavaVirtualMachines/temurin-8.jdk/Contents/Home/jre/lib/endorsed" />
    <property name="env.JDK_HOME" value="/Users/rcmurray/.jenv/versions/1.8.0.322" />
    <property name="sun.cpu.isalist" value="" />
    <property name="sun.jnu.encoding" value="UTF-8" />
    <property name="file.encoding.pkg" value="sun.io" />
    <property name="env.SHLVL" value="1" />
    <property name="file.separator" value="/" />
    <property name="java.specification.name" value="Java Platform API Specification" />
    <property name="env.JAVA_MAIN_CLASS_10879" value="org.apache.tools.ant.launch.Launcher" />
    <property name="java.class.version" value="52.0" />
    <property name="user.country" value="US" />
    <property name="java.home" value="/Library/Java/JavaVirtualMachines/temurin-8.jdk/Contents/Home/jre" />
    <property name="java.vm.info" value="mixed mode" />
    <property name="env.JENV_LOADED" value="1" />
    <property name="env.LOGNAME" value="rcmurray" />
    <property name="ant.file" value="/Users/rcmurray/git/DANCEcollaborative/bazaar/Genesis-Plugins/build.xml" />
    <property name="os.version" value="10.16" />
    <property name="env.JENV_FORCEJDKHOME" value="true" />
    <property name="env.TERM_PROGRAM_VERSION" value="440" />
    <property name="path.separator" value=":" />
    <property name="java.vm.version" value="25.322-b06" />
    <property name="ant.library.dir" value="/usr/local/Cellar/ant/1.10.12/libexec/lib" />
    <property name="env.__CFBundleIdentifier" value="com.apple.Terminal" />
    <property name="junit.output.dir" value="junit" />
    <property name="env.JAVA_HOME" value="/Users/rcmurray/.jenv/versions/1.8.0.322" />
    <property name="java.awt.printerjob" value="sun.lwawt.macosx.CPrinterJob" />
    <property name="env.TERM" value="xterm-256color" />
    <property name="sun.io.unicode.encoding" value="UnicodeBig" />
    <property name="awt.toolkit" value="sun.lwawt.macosx.LWCToolkit" />
    <property name="socksNonProxyHosts" value="local|*.local|169.254/16|*.169.254/16" />
    <property name="ftp.nonProxyHosts" value="local|*.local|169.254/16|*.169.254/16" />
    <property name="lightside.location" value="../LightSide" />
    <property name="user.home" value="/Users/rcmurray" />
    <property name="target" value="1.8" />
    <property name="java.specification.vendor" value="Oracle Corporation" />
    <property name="env.TERM_PROGRAM" value="Apple_Terminal" />
    <property name="java.library.path" value="/Users/rcmurray/Library/Java/Extensions:/Library/Java/Extensions:/Network/Library/Java/Extensions:/System/Library/Java/Extensions:/usr/lib/java:." />
    <property name="java.vendor.url" value="https://adoptium.net/" />
    <property name="java.vm.vendor" value="Temurin" />
    <property name="gopherProxySet" value="false" />
    <property name="env.LaunchInstanceID" value="9B0141DF-078F-4C66-BC30-5BB02DFBED0B" />
    <property name="env.JENV_SHELL" value="zsh" />
    <property name="java.runtime.name" value="OpenJDK Runtime Environment" />
    <property name="java.class.path" value="/Users/rcmurray/git/DANCEcollaborative/bazaar/LightSide/bin:/Users/rcmurray/git/DANCEcollaborative/bazaar/Genesis-Plugins/bin:/Users/rcmurray/git/DANCEcollaborative/bazaar/LightSide/lib/arpack_combined.jar:/Users/rcmurray/git/DANCEcollaborative/bazaar/LightSide/lib/commons-math3-3.1.jar:/Users/rcmurray/git/DANCEcollaborative/bazaar/LightSide/lib/core.jar:/Users/rcmurray/git/DANCEcollaborative/bazaar/LightSide/lib/ejml-0.23.jar:/Users/rcmurray/git/DANCEcollaborative/bazaar/LightSide/lib/gson-2.2.4.jar:/Users/rcmurray/git/DANCEcollaborative/bazaar/LightSide/lib/hamcrest.jar:/Users/rcmurray/git/DANCEcollaborative/bazaar/LightSide/lib/java-cup.jar:/Users/rcmurray/git/DANCEcollaborative/bazaar/LightSide/lib/junit.jar:/Users/rcmurray/git/DANCEcollaborative/bazaar/LightSide/lib/kuromoji-core-0.9.0.jar:/Users/rcmurray/git/DANCEcollaborative/bazaar/LightSide/lib/kuromoji-ipadic-0.9.0.jar:/Users/rcmurray/git/DANCEcollaborative/bazaar/LightSide/lib/mtj.jar:/Users/rcmurray/git/DANCEcollaborative/bazaar/LightSide/lib/packageManager.jar:/Users/rcmurray/git/DANCEcollaborative/bazaar/LightSide/lib/py4j0.8.jar:/Users/rcmurray/git/DANCEcollaborative/bazaar/LightSide/lib/riverlayout.jar:/Users/rcmurray/git/DANCEcollaborative/bazaar/LightSide/lib/simple-5.0.4.jar:/Users/rcmurray/git/DANCEcollaborative/bazaar/LightSide/lib/slf4j-api-1.7.12-sources.jar:/Users/rcmurray/git/DANCEcollaborative/bazaar/LightSide/lib/slf4j-api.jar:/Users/rcmurray/git/DANCEcollaborative/bazaar/LightSide/lib/stanford-parser-3.9.2-javadoc.jar:/Users/rcmurray/git/DANCEcollaborative/bazaar/LightSide/lib/stanford-parser-3.9.2-sources.jar:/Users/rcmurray/git/DANCEcollaborative/bazaar/LightSide/lib/stanford-parser.jar:/Users/rcmurray/git/DANCEcollaborative/bazaar/LightSide/lib/stanford-postagger-3.9.2-javadoc.jar:/Users/rcmurray/git/DANCEcollaborative/bazaar/LightSide/lib/stanford-postagger-3.9.2-sources.jar:/Users/rcmurray/git/DANCEcollaborative/bazaar/LightSide/lib/stanford-postagger-3.9.2.jar:/Users/rcmurray/git/DANCEcollaborative/bazaar/LightSide/lib/stanford-postagger.jar:/Users/rcmurray/git/DANCEcollaborative/bazaar/LightSide/lib/stanford-segmenter-3.9.2-javadoc.jar:/Users/rcmurray/git/DANCEcollaborative/bazaar/LightSide/lib/stanford-segmenter-3.9.2-sources.jar:/Users/rcmurray/git/DANCEcollaborative/bazaar/LightSide/lib/stanford-segmenter-3.9.2.jar:/Users/rcmurray/git/DANCEcollaborative/bazaar/LightSide/lib/weka-prev.jar:/Users/rcmurray/git/DANCEcollaborative/bazaar/LightSide/lib/weka.jar:/Users/rcmurray/git/DANCEcollaborative/bazaar/LightSide/lib/xmlparserv2.jar:/Users/rcmurray/git/DANCEcollaborative/bazaar/LightSide/lib/xstream-1.4.4.jar:/Users/rcmurray/git/DANCEcollaborative/bazaar/LightSide/lib/xstream-benchmark-1.4.4.jar:/Users/rcmurray/git/DANCEcollaborative/bazaar/LightSide/lib/xstream-hibernate-1.4.4.jar:/Users/rcmurray/git/DANCEcollaborative/bazaar/LightSide/lib/xstream-hibernate/antlr-2.7.7.jar:/Users/rcmurray/git/DANCEcollaborative/bazaar/LightSide/lib/xstream-hibernate/dom4j-1.6.1.jar:/Users/rcmurray/git/DANCEcollaborative/bazaar/LightSide/lib/xstream-hibernate/hibernate-commons-annotations-4.0.1.Final.jar:/Users/rcmurray/git/DANCEcollaborative/bazaar/LightSide/lib/xstream-hibernate/hibernate-core-4.1.4.Final.jar:/Users/rcmurray/git/DANCEcollaborative/bazaar/LightSide/lib/xstream-hibernate/hibernate-jpa-2.0-api-1.0.1.Final.jar:/Users/rcmurray/git/DANCEcollaborative/bazaar/LightSide/lib/xstream-hibernate/javassist-3.15.0-GA.jar:/Users/rcmurray/git/DANCEcollaborative/bazaar/LightSide/lib/xstream-hibernate/jboss-logging-3.1.0.GA.jar:/Users/rcmurray/git/DANCEcollaborative/bazaar/LightSide/lib/xstream-hibernate/jboss-transaction-api_1.1_spec-1.0.0.Final.jar:/Users/rcmurray/git/DANCEcollaborative/bazaar/LightSide/lib/xstream-hibernate/slf4j-api-1.6.1.jar:/Users/rcmurray/git/DANCEcollaborative/bazaar/LightSide/lib/xstream-hibernate/xmlpull-1.1.3.1.jar:/Users/rcmurray/git/DANCEcollaborative/bazaar/LightSide/lib/xstream-hibernate/xpp3_min-1.1.4c.jar:/Users/rcmurray/git/DANCEcollaborative/bazaar/LightSide/lib/xstream/cglib-nodep-2.2.jar:/Users/rcmurray/git/DANCEcollaborative/bazaar/LightSide/lib/xstream/dom4j-1.6.1.jar:/Users/rcmurray/git/DANCEcollaborative/bazaar/LightSide/lib/xstream/jdom-1.1.jar:/Users/rcmurray/git/DANCEcollaborative/bazaar/LightSide/lib/xstream/jettison-1.2.jar:/Users/rcmurray/git/DANCEcollaborative/bazaar/LightSide/lib/xstream/joda-time-1.6.jar:/Users/rcmurray/git/DANCEcollaborative/bazaar/LightSide/lib/xstream/json-20080701.jar:/Users/rcmurray/git/DANCEcollaborative/bazaar/LightSide/lib/xstream/kxml2-2.3.0.jar:/Users/rcmurray/git/DANCEcollaborative/bazaar/LightSide/lib/xstream/kxml2-min-2.3.0.jar:/Users/rcmurray/git/DANCEcollaborative/bazaar/LightSide/lib/xstream/stax-1.2.0.jar:/Users/rcmurray/git/DANCEcollaborative/bazaar/LightSide/lib/xstream/stax-api-1.0.1.jar:/Users/rcmurray/git/DANCEcollaborative/bazaar/LightSide/lib/xstream/wstx-asl-3.2.7.jar:/Users/rcmurray/git/DANCEcollaborative/bazaar/LightSide/lib/xstream/xmlpull-1.1.3.1.jar:/Users/rcmurray/git/DANCEcollaborative/bazaar/LightSide/lib/xstream/xom-1.1.jar:/Users/rcmurray/git/DANCEcollaborative/bazaar/LightSide/lib/xstream/xpp3_min-1.1.4c.jar:/Users/rcmurray/git/DANCEcollaborative/bazaar/LightSide/lib/yeritools-min.jar:/Users/rcmurray/git/DANCEcollaborative/bazaar/LightSide/wekafiles/packages/LibLINEAR/LibLINEAR.jar:/Users/rcmurray/git/DANCEcollaborative/bazaar/LightSide/wekafiles/packages/LibLINEAR/lib/liblinear-java-1.96-SNAPSHOT.jar:/Users/rcmurray/git/DANCEcollaborative/bazaar/LightSide/wekafiles/packages/LibLINEAR/see/LibLINEAR.jar:/Users/rcmurray/git/DANCEcollaborative/bazaar/LightSide/wekafiles/packages/LibLINEAR/toys/LibLINEAR.jar:/Users/rcmurray/git/DANCEcollaborative/bazaar/LightSide/wekafiles/packages/LibLINEAR/toys/liblinear-java-1.96-SNAPSHOT.jar:/Users/rcmurray/git/DANCEcollaborative/bazaar/LightSide/wekafiles/packages/LibSVM/LibSVM.jar:/Users/rcmurray/git/DANCEcollaborative/bazaar/LightSide/wekafiles/packages/LibSVM/lib/libsvm.jar:/Users/rcmurray/git/DANCEcollaborative/bazaar/LightSide/wekafiles/packages/bayesianLogisticRegression/bayesianLogisticRegression.jar:/Users/rcmurray/git/DANCEcollaborative/bazaar/LightSide/wekafiles/packages/chiSquaredAttributeEval/chiSquaredAttributeEval.jar:/usr/local/Cellar/ant/1.10.12/libexec/lib/ant-launcher.jar:/usr/local/Cellar/ant/1.10.12/libexec/lib/ant.jar:/usr/local/Cellar/ant/1.10.12/libexec/lib/ant-junit.jar:/usr/local/Cellar/ant/1.10.12/libexec/lib/ant-junit4.jar" />
    <property name="sun.java.command" value="org.apache.tools.ant.taskdefs.optional.junit.JUnitTestRunner plugins.fileParsing.CSVParserTest skipNonTests=false filtertrace=true haltOnError=false haltOnFailure=false formatter=org.apache.tools.ant.taskdefs.optional.junit.SummaryJUnitResultFormatter showoutput=true outputtoformatters=true logfailedtests=true threadid=0 logtestlistenerevents=false formatter=org.apache.tools.ant.taskdefs.optional.junit.XMLJUnitResultFormatter,/Users/rcmurray/git/DANCEcollaborative/bazaar/Genesis-Plugins/junit/TEST-plugins.fileParsing.CSVParserTest.xml crashfile=/Users/rcmurray/git/DANCEcollaborative/bazaar/Genesis-Plugins/junitvmwatcher2897227018996809700.properties propsfile=/Users/rcmurray/git/DANCEcollaborative/bazaar/Genesis-Plugins/junit2252043298026101060.properties" />
    <property name="ant.version" value="Apache Ant(TM) version 1.10.12 compiled on October 13 2021" />
    <property name="env.TERM_SESSION_ID" value="3F1ABDA3-0059-4F36-B491-CB27B07B62DC" />
    <property name="java.vm.specification.name" value="Java Virtual Machine Specification" />
    <property name="ant.file.type" value="file" />
    <property name="java.vm.specification.version" value="1.8" />
    <property name="sun.os.patch.level" value="unknown" />
    <property name="sun.cpu.endian" value="little" />
    <property name="java.awt.headless" value="true" />
    <property name="env.HOME" value="/Users/rcmurray" />
    <property name="debuglevel" value="source,lines,vars" />
    <property name="java.io.tmpdir" value="/var/folders/r3/g620c7095lx_cx9n34x_8_lm0000gq/T/" />
    <property name="java.vendor.url.bug" value="https://github.com/adoptium/adoptium-support/issues" />
    <property name="env.SSH_AUTH_SOCK" value="/private/tmp/com.apple.launchd.IyZpjijvpL/Listeners" />
    <property name="java.awt.graphicsenv" value="sun.awt.CGraphicsEnvironment" />
    <property name="os.arch" value="x86_64" />
    <property name="java.ext.dirs" value="/Users/rcmurray/Library/Java/Extensions:/Library/Java/JavaVirtualMachines/temurin-8.jdk/Contents/Home/jre/lib/ext:/Library/Java/Extensions:/Network/Library/Java/Extensions:/System/Library/Java/Extensions:/usr/lib/java" />
    <property name="user.dir" value="/Users/rcmurray/git/DANCEcollaborative/bazaar/LightSide" />
    <property name="line.separator" value="&#xa;" />
    <property name="java.vm.name" value="OpenJDK 64-Bit Server VM" />
    <property name="basedir" value="/Users/rcmurray/git/DANCEcollaborative/bazaar/Genesis-Plugins" />
    <property name="ant.java.version" value="1.8" />
    <property name="ant.core.lib" value="/usr/local/Cellar/ant/1.10.12/libexec/lib/ant.jar" />
    <property name="source" value="1.8" />
    <property name="file.encoding" value="UTF-8" />
    <property name="java.specification.version" value="1.8" />
    <property name="ant.project.invoked-targets" value="build" />
  </properties>
  <testcase name="testCanHandleFalseIncorrectSuffix" classname="plugins.fileParsing.CSVParserTest" time="0.005" />
  <testcase name="testCanHandleFalseNoSuffix" classname="plugins.fileParsing.CSVParserTest" time="0.0" />
  <testcase name="testParseDocumentNullList" classname="plugins.fileParsing.CSVParserTest" time="0.003" />
  <testcase name="testParseDocumentEmptyList" classname="plugins.fileParsing.CSVParserTest" time="0.0" />
  <testcase name="testParseDocumentSingleFile" classname="plugins.fileParsing.CSVParserTest" time="0.014" />
  <testcase name="testCanHandleTrue" classname="plugins.fileParsing.CSVParserTest" time="0.0" />
  <system-out><![CDATA[]]></system-out>
  <system-err><![CDATA[]]></system-err>
</testsuite>
